=== Iteration 1 - [2025-08-27 20:40:27] ===
PLAN:
  === ADJUSTED ENVIRONMENT SETUP PLAN ===
  **Note:** This adjusted plan is tailored for an x86_64 (amd64) Linux environment without GPU support, with roughly 47GB free storage, running Docker (version 28.3.2) that supports BuildKit and Buildx, and where builds happen in `/home/cc/EnvGym/data-gpt-4.1mini/fmtlib_fmt`. The plan assumes use of common Linux base images (Ubuntu, Debian, or Alpine) compatible with amd64. No CUDA or GPU-specific setups are needed.
  ---
  1. DOWNLOADS NEEDED:  
     - **C++ Compiler:**  
       * Must support at least C++20. On Ubuntu/Debian, GCC 11+ or Clang 12+ available via official repositories or PPAs.  
       * Ensure installation of build-essential or equivalent packages.  
       * Verify with `g++ --version` or `clang++ --version`.  
     - **CMake:**  
       * Version 3.15 or higher recommended.  
       * Available via package managers or official binaries.  
       * Verify with `cmake --version`.  
     - **Git:**  
       * For cloning repositories and deployment operations.  
       * Verify with `git --version`.  
     - **Python 3:**  
       * Required for benchmark scripts, documentation building (MkDocs), and support scripts.  
       * Prefer Python 3.8+ for compatibility with MkDocs plugins.  
       * Verify with `python3 --version`.  
     - **Python Packages:**  
       * MkDocs core and plugins: `pip install mkdocs mkdocs-material mkdocstrings pymdown-extensions`  
       * Optional: `mike` for managing/deploying multiple documentation versions (`pip install mike`)  
     - **Optional Tools:**  
       * Ninja build system (for faster builds): `apt install ninja-build` or equivalent.  
       * clang-tidy v18+ for linting/code modernization (install via LLVM apt repo or latest package).  
       * Bazel build system: install latest stable release matching or exceeding `.bazelversion` in `support/bazel/`. Verify with `bazel --version`.  
     - **Terminal:**  
       * Terminal emulator must support Unicode and ANSI color codes for full fmt color output testing (typical Linux terminals like xterm, GNOME Terminal, Konsole suffice).  
     - **Internet Access:**  
       * Required for Bazel Central Registry Bzlmod dependency resolution, cloning/pushing git repositories, and fetching external CSS/JS for MkDocs site.
  ---
  2. FILES TO CREATE / USE:  
     - `CMakeLists.txt` at project root:  
       * Configure minimum CMake 3.15+, project name, C++20 standard.  
       * Add fmt as subdirectory or find_package if system-installed.  
       * Integrate `support/` CMake modules for enhanced build support.  
       * Define targets, link against fmt (`fmt::fmt` or `fmt::fmt-header-only`).  
       * Enable `FMT_HEADER_ONLY` option if desired.  
     - `.clang-tidy` (optional):  
       * Enable `modernize-use-std-print` check.  
     - `.gitignore`:  
       * Exclude build directories, binaries, temporary and generated files.  
     - `benchmark/CMakeLists.txt` (optional): for building/running benchmarks.  
     - Test files under `test/` for unit tests.  
     - Documentation files: `README.md`, `support/README`, `support/bazel/README.md`.  
     - MkDocs configuration: `support/mkdocs.yml` with Material theme, navigation, syntax highlighting, mkdocstrings plugin.  
     - `support/mkdocs` Python executable script:  
       * Sets `PYTHONPATH` to include `support/python`.  
       * Supports `serve`, `build`, `deploy [version]` commands.  
       * Automates git clone/push to `fmtlib/fmt.dev.git` for deployment.  
       * Handles redirect page creation for documentation versions.  
     - For Bazel integration (if used):  
       * Copy `support/bazel/BUILD.bazel`, `MODULE.bazel`, `WORKSPACE.bazel`, `.bazelversion` to project root.  
       * Use `bazel_dep(name = "fmt", version = "11.1.4")` in top-level `MODULE.bazel` or local path overrides.
  ---
  3. NECESSARY TEST CASES:  
     - Validate `fmt::format` correctness with multiple types (int, float, string, user types).  
     - Positional arguments formatting correctness.  
     - Compile-time format string checking (C++20).  
     - Unicode and locale independence tests (Unicode strings, characters).  
     - File output correctness tests.  
     - Color and style printing tests on ANSI-capable terminals.  
     - Performance benchmarks (optional).  
     - Safety tests: buffer overflow prevention, invalid format string handling.  
     - Integration tests in larger projects.  
     - Continuous fuzzing tests (optional, e.g., OSS-Fuzz).  
     - Verify build support files (`support/` CMake modules/scripts) integrate and operate correctly.  
     - Bazel integration tests: build with Bazel, dependency management via Bzlmod or local override, version compatibility.  
     - Documentation build/render tests:  
       * Build with `support/mkdocs build`.  
       * Serve locally with `support/mkdocs serve`.  
       * Deploy with `support/mkdocs deploy <version>`.  
       * Verify navigation, syntax highlighting, API docs, external CSS/JS loading, and excluded docs (e.g., `ChangeLog-old.md`).
  ---
  4. COMPLETE TODO LIST (Adjusted for environment):  
     1. **Install necessary software on amd64 Linux:**  
        - Install GCC 11+ or Clang 12+ (e.g., `apt install g++-11` or add LLVM repo for newer Clang).  
        - Install CMake 3.15+ (`apt install cmake` or download official binary if older repo version).  
        - Install Git (`apt install git`).  
        - Install Python 3.8+ (`apt install python3 python3-pip`).  
        - Install MkDocs and dependencies:  
          ```bash
          python3 -m pip install --upgrade pip
          pip3 install mkdocs mkdocs-material mkdocstrings pymdown-extensions
          # Optional:
          pip3 install mike
          ```  
        - Optional: Install Ninja (`apt install ninja-build`), clang-tidy v18+ (via LLVM apt repo or prebuilt binaries).  
        - Optional: Install Bazel (download from bazel.build) ensuring version matches/exceeds `.bazelversion`.  
     2. **Clone the fmt repository:**  
        ```bash
        git clone --recursive https://github.com/fmtlib/fmt.git
        cd fmt
        ```  
     3. **Review `support/` directory contents:**  
        - Read all relevant READMEs (`support/README`, `support/bazel/README.md`).  
        - Understand `support/mkdocs.yml` and `support/mkdocs` script usage.  
        - Integrate `support/` CMake modules as per instructions.  
     4. **Configure build (using CMake):**  
        ```bash
        mkdir build && cd build
        cmake .. -DFMT_HEADER_ONLY=ON  # or OFF as preferred
        ```  
        - Verify no errors and that `support/` modules are included.  
     5. **Build library:**  
        ```bash
        cmake --build .
        ```  
        - Use Ninja if installed: `cmake --build . -- -j$(nproc)` for parallelism.  
     6. **Run unit tests:**  
        ```bash
        ctest
        ```  
        - Confirm all tests pass.  
     7. **(Optional) Build and run benchmarks:**  
        ```bash
        git clone --recursive https://github.com/fmtlib/format-benchmark.git
        cd format-benchmark
        cmake .
        make speed-test bloat-test
        ```  
        - Review benchmark output for expected performance.  
     8. **(Optional) Bazel build:**  
        - Copy `support/bazel/BUILD.bazel`, `MODULE.bazel`, `WORKSPACE.bazel`, `.bazelversion` into project root.  
        - Verify Bazel version: `bazel --version`.  
        - Build with Bazel: `bazel build //...`  
        - Optionally, add `bazel_dep(name = "fmt", version = "11.1.4")` to your own `MODULE.bazel`.  
        - Verify Bazel build success and tests.  
     9. **(Optional) Documentation site build and deployment:**  
        - Ensure Python packages installed as above.  
        - Preview docs locally:  
          ```bash
          ./support/mkdocs serve
          ```  
        - Build static site:  
          ```bash
          ./support/mkdocs build
          ```  
        - Deploy documentation versions (requires git credentials and internet):  
          ```bash
          ./support/mkdocs deploy <version>
          ```  
        - Confirm navigation, API docs generation, syntax highlighting, and external resource loading.  
     10. **Integrate fmt into your own projects:**  
         - For CMake:  
           * Use `find_package(fmt REQUIRED)` or `add_subdirectory(path/to/fmt)`.  
           * Link with `fmt::fmt` or `fmt::fmt-header-only`.  
           * Use `support/` CMake modules if applicable.  
         - For Bazel:  
           * Use `bazel_dep` or `local_path_override`.  
           * Reference fmt targets in BUILD files.  
     11. **Write validation test cases in your project:**  
         - Cover formatting, file output, color output, compile-time checks.  
         - Verify build system integration and module script usage.  
     12. **(Optional) clang-tidy integration:**  
         - Configure `.clang-tidy` with `modernize-use-std-print` check for modernization.  
     13. **Document environment setup in your project README:**  
         - Include compiler versions, build tools, Python dependencies, Bazel integration notes, and documentation procedures.  
     14. **Set up CI workflows (GitHub Actions or similar):**  
         - Include jobs for build, test, lint (clang-tidy), documentation build and deploy (using `support/mkdocs`).  
         - Support Linux amd64 primarily; include macOS and Windows if needed.  
         - Include Bazel jobs optionally.  
     15. **(Optional) Integrate OSS-Fuzz or other fuzzers:**  
         - For continuous fuzz testing of format strings and API usage.  
     16. **Terminal environment:**  
         - Confirm terminal emulator supports Unicode and ANSI color codes to fully exploit fmtâ€™s color printing.  
     17. **Maintenance:**  
         - Monitor fmt project updates, security advisories, and new releases.  
         - Update installed tools and dependencies as needed.
  ---
  **Additional Adjustments / Notes:**
  - Since no GPU is present, no CUDA or GPU-accelerated build instructions or images are included.  
  - Storage space (~47GB free) is sufficient for fmt builds, benchmarks, and documentation; however, avoid unnecessary large dependencies or build artifacts to conserve space. Use multi-stage Docker builds or clean build caches if building inside containers.  
  - Docker base images should be amd64 Linux variants (ubuntu, debian, alpine). Alpine is smaller but may require additional packages for build tools and Python compatibility.  
  - Use parallel build options (`-j$(nproc)`) to leverage high CPU core counts for faster compilation.  
  - Paths in the plan assume working directory `/home/cc/EnvGym/data-gpt-4.1mini/fmtlib_fmt`; verify relative paths especially for `support/` scripts and modules. Adjust accordingly in scripts or environment variables if directory structure changes.  
  - Ensure Python 3 executable is accessible as `python3` in PATH; if not, adjust `support/mkdocs` shebang or invocation accordingly.
  ---
  **Verification Methods (Adjusted):**  
  - Successful compilation and linking on x86_64 Linux with GCC/Clang.  
  - Passing all unit tests without errors or warnings.  
  - Benchmarks run and output performance metrics.  
  - `support/` CMake modules and scripts are integrated and functional during configuration and build.  
  - Bazel builds succeed with version compatibility and dependency management.  
  - Documentation site builds, serves, and deploys correctly via `support/mkdocs` script.  
  - Git operations in deployment work properly with network and credentials.  
  - clang-tidy modernization checks run if configured.  
  - Color and Unicode output verified in standard Linux terminals.  
  - CI pipelines pass on amd64 Linux; optional macOS/Windows.  
  - No critical errors or security issues in fuzz testing if enabled.
  ---
  This adjusted plan ensures fully compatible, efficient, and maintainable environment setup and usage of the {fmt} library on your amd64 Linux environment without GPU, leveraging modern C++ standards, tooling, and documentation workflows.
NEXT:
  current progress  
  - Base image set to ubuntu:22.04 with noninteractive frontend and timezone.  
  - Installed required packages: gcc-11/g++-11, clang-18/clang-tidy-18, cmake, git, python3.10 and pip, ninja-build, bazel, and supporting tools.  
  - Configured gcc/g++ alternatives to gcc-11/g++-11.  
  - Added LLVM repo for clang-18 and Bazel repo for latest stable Bazel install.  
  - Installed Python packages: mkdocs, mkdocs-material, mkdocstrings, pymdown-extensions, mike.  
  - Set locale to en_US.UTF-8 for Unicode support.  
  - Set working directory to /home/cc/EnvGym/data-gpt-4.1mini/fmtlib_fmt.  
  - Cloned fmt repository recursively and copied Bazel support files if present.  
  - Configured and built fmt with CMake using Ninja generator and header-only option enabled.  
  - Ran ctest to verify build success.  
  - Set environment variables for CC, CXX, and PATH for local python user binaries.  
  - Default command to launch bash shell.
  next step  
  - Add installation and setup of clang-tidy configuration file `.clang-tidy` with `modernize-use-std-print` check for code modernization if desired.  
  - Include copying or creation of necessary project files such as `CMakeLists.txt`, `.gitignore`, test files, and benchmark CMakeLists to the Docker context or repository as needed.  
  - Add optional steps for cloning and building benchmarks (format-benchmark) inside the Dockerfile or as separate steps.  
  - Add optional Bazel build commands to verify Bazel integration and tests inside the container.  
  - Add commands to build, serve, and deploy documentation site using the `support/mkdocs` script with appropriate environment configuration.  
  - Ensure that environment variables and PATH include directories for Bazel and python scripts if needed.  
  - Add cleanup steps post-build to reduce image size (remove build files if not needed).  
  - Consider adding user permissions or non-root user setup if required for security or CI.  
  - Add verification of terminal emulator compatibility or include instructions for usage with ANSI color capable terminals.  
  - Prepare for CI workflow integration by adding relevant scripts or entrypoints.
STATUS:
  SUCCESS
LOG:
  === Docker Execution Log - 20250827_204014 ===
  Dockerfile: envgym/envgym.dockerfile
  Image Name: envgym_test_1756327088
  === Build Log ===
  Build Status: Success
  Build Output:
  Build Error:
  #0 building with "default" instance using docker driver
  #1 [internal] load build definition from envgym.dockerfile
  #1 transferring dockerfile: 2.60kB done
  #1 DONE 0.0s
  #2 [internal] load metadata for docker.io/library/ubuntu:22.04
  #2 DONE 0.2s
  #3 [internal] load .dockerignore
  #3 transferring context: 2B done
  #3 DONE 0.0s
  #4 [1/8] FROM docker.io/library/ubuntu:22.04@sha256:1aa979d85661c488ce030ac292876cf6ed04535d3a237e49f61542d8e5de5ae0
  #4 CACHED
  #5 [2/8] RUN apt-get update &&     apt-get install -y --no-install-recommends         software-properties-common         wget         ca-certificates         gnupg         lsb-release         git         curl         build-essential         g++-11         cmake         python3.10         python3-pip         ninja-build         locales         bash         procps &&     update-alternatives --install /usr/bin/gcc gcc /usr/bin/gcc-11 100 &&     update-alternatives --install /usr/bin/g++ g++ /usr/bin/g++-11 100 &&     wget -O - https://apt.llvm.org/llvm-snapshot.gpg.key | apt-key add - &&     echo "deb http://apt.llvm.org/jammy/ llvm-toolchain-jammy-18 main" > /etc/apt/sources.list.d/llvm-18.list &&     apt-get update &&     apt-get install -y clang-18 clang-tidy-18 &&     curl -fsSL https://bazel.build/bazel-release.pub.gpg | gpg --dearmor > /usr/share/keyrings/bazel-archive-keyring.gpg &&     echo "deb [signed-by=/usr/share/keyrings/bazel-archive-keyring.gpg] https://storage.googleapis.com/bazel-apt stable jdk1.8" > /etc/apt/sources.list.d/bazel.list &&     apt-get update &&     apt-get install -y bazel &&     apt-get clean && rm -rf /var/lib/apt/lists/*
  #5 0.286 Get:1 http://archive.ubuntu.com/ubuntu jammy InRelease [270 kB]
  #5 0.286 Get:2 http://security.ubuntu.com/ubuntu jammy-security InRelease [129 kB]
  #5 0.400 Get:3 http://archive.ubuntu.com/ubuntu jammy-updates InRelease [128 kB]
  #5 0.427 Get:4 http://archive.ubuntu.com/ubuntu jammy-backports InRelease [127 kB]
  #5 0.443 Get:5 http://security.ubuntu.com/ubuntu jammy-security/universe amd64 Packages [1271 kB]
  #5 0.513 Get:6 http://archive.ubuntu.com/ubuntu jammy/restricted amd64 Packages [164 kB]
  #5 0.547 Get:7 http://security.ubuntu.com/ubuntu jammy-security/restricted amd64 Packages [5235 kB]
  #5 0.547 Get:8 http://archive.ubuntu.com/ubuntu jammy/main amd64 Packages [1792 kB]
  #5 0.604 Get:9 http://security.ubuntu.com/ubuntu jammy-security/multiverse amd64 Packages [48.5 kB]
  #5 0.605 Get:10 http://security.ubuntu.com/ubuntu jammy-security/main amd64 Packages [3253 kB]
  #5 0.612 Get:11 http://archive.ubuntu.com/ubuntu jammy/universe amd64 Packages [17.5 MB]
  #5 0.762 Get:12 http://archive.ubuntu.com/ubuntu jammy/multiverse amd64 Packages [266 kB]
  #5 0.764 Get:13 http://archive.ubuntu.com/ubuntu jammy-updates/universe amd64 Packages [1576 kB]
  #5 0.774 Get:14 http://archive.ubuntu.com/ubuntu jammy-updates/restricted amd64 Packages [5519 kB]
  #5 0.817 Get:15 http://archive.ubuntu.com/ubuntu jammy-updates/multiverse amd64 Packages [75.9 kB]
  #5 0.818 Get:16 http://archive.ubuntu.com/ubuntu jammy-updates/main amd64 Packages [3606 kB]
  #5 0.845 Get:17 http://archive.ubuntu.com/ubuntu jammy-backports/main amd64 Packages [83.2 kB]
  #5 0.845 Get:18 http://archive.ubuntu.com/ubuntu jammy-backports/universe amd64 Packages [35.2 kB]
  #5 2.428 Fetched 41.1 MB in 2s (18.8 MB/s)
  #5 2.428 Reading package lists...
  #5 3.485 Reading package lists...
  #5 4.452 Building dependency tree...
  #5 4.613 Reading state information...
  #5 4.797 bash is already the newest version (5.1-6ubuntu1.1).
  #5 4.797 procps is already the newest version (2:3.3.17-6ubuntu2.1).
  #5 4.797 The following additional packages will be installed:
  #5 4.797   binutils binutils-common binutils-x86-64-linux-gnu bzip2 cmake-data cpp
  #5 4.797   cpp-11 dbus dh-elpa-helper dirmngr distro-info-data dpkg-dev emacsen-common
  #5 4.797   g++ gcc gcc-11 gcc-11-base gcc-12-base gir1.2-glib-2.0
  #5 4.797   gir1.2-packagekitglib-1.0 git-man gnupg-l10n gnupg-utils gpg gpg-agent
  #5 4.797   gpg-wks-client gpg-wks-server gpgconf gpgsm iso-codes libapparmor1
  #5 4.797   libappstream4 libarchive13 libargon2-1 libasan6 libassuan0 libatomic1
  #5 4.797   libbinutils libbrotli1 libc-dev-bin libc6-dev libcap2-bin libcc1-0
  #5 4.797   libcrypt-dev libcryptsetup12 libctf-nobfd0 libctf0 libcurl3-gnutls libcurl4
  #5 4.797   libdbus-1-3 libdevmapper1.02.1 libdpkg-perl libdw1 libelf1 liberror-perl
  #5 4.797   libexpat1 libgcc-11-dev libgcc-s1 libgdbm-compat4 libgdbm6
  #5 4.797   libgirepository-1.0-1 libglib2.0-0 libglib2.0-bin libglib2.0-data libgomp1
  #5 4.797   libgstreamer1.0-0 libicu70 libip4tc2 libisl23 libitm1 libjson-c5
  #5 4.797   libjsoncpp25 libkmod2 libksba8 libldap-2.5-0 liblsan0 libmpc3 libmpdec3
  #5 4.797   libmpfr6 libnghttp2-14 libnpth0 libnsl-dev libpackagekit-glib2-18
  #5 4.797   libpam-systemd libperl5.34 libpolkit-agent-1-0 libpolkit-gobject-1-0 libpsl5
  #5 4.797   libpython3-stdlib libpython3.10-minimal libpython3.10-stdlib libquadmath0
  #5 4.797   libreadline8 librhash0 librtmp1 libsasl2-2 libsasl2-modules-db libsqlite3-0
  #5 4.797   libssh-4 libstdc++-11-dev libstdc++6 libstemmer0d libtirpc-dev libtsan0
  #5 4.798   libubsan1 libunwind8 libuv1 libxml2 libxmlb2 libyaml-0-2 linux-libc-dev
  #5 4.798   lto-disabled-list make media-types openssl packagekit patch perl
  #5 4.798   perl-modules-5.34 pinentry-curses pkexec policykit-1 polkitd
  #5 4.798   python-apt-common python3 python3-apt python3-blinker python3-cffi-backend
  #5 4.798   python3-cryptography python3-dbus python3-distro python3-distutils
  #5 4.798   python3-gi python3-httplib2 python3-importlib-metadata python3-jeepney
  #5 4.798   python3-jwt python3-keyring python3-launchpadlib python3-lazr.restfulclient
  #5 4.798   python3-lazr.uri python3-lib2to3 python3-minimal python3-more-itertools
  #5 4.798   python3-oauthlib python3-pkg-resources python3-pyparsing
  #5 4.798   python3-secretstorage python3-setuptools python3-six
  #5 4.798   python3-software-properties python3-wadllib python3-wheel python3-zipp
  #5 4.798   python3.10-minimal readline-common rpcsvc-proto systemd systemd-sysv
  #5 4.798   xz-utils
  #5 4.799 Suggested packages:
  #5 4.799   binutils-doc bzip2-doc cmake-doc cmake-format cpp-doc gcc-11-locales
  #5 4.799   default-dbus-session-bus | dbus-session-bus dbus-user-session
  #5 4.799   pinentry-gnome3 tor debian-keyring g++-multilib g++-11-multilib gcc-11-doc
  #5 4.799   gcc-multilib manpages-dev autoconf automake libtool flex bison gdb gcc-doc
  #5 4.799   gcc-11-multilib gettext-base git-daemon-run | git-daemon-sysvinit git-doc
  #5 4.799   git-email git-gui gitk gitweb git-cvs git-mediawiki git-svn parcimonie
  #5 4.799   xloadimage scdaemon isoquery lrzip glibc-doc bzr gdbm-l10n
  #5 4.799   gstreamer1.0-tools libstdc++-11-doc make-doc appstream ed diffutils-doc
  #5 4.799   perl-doc libterm-readline-gnu-perl | libterm-readline-perl-perl
  #5 4.799   libtap-harness-archive-perl pinentry-doc python3-doc python3-tk python3-venv
  #5 4.799   python3-apt-dbg python-apt-doc python-blinker-doc python-cryptography-doc
  #5 4.799   python3-cryptography-vectors python-dbus-doc python3-crypto gir1.2-secret-1
  #5 4.799   gnome-keyring libkf5wallet-bin python3-keyrings.alt python3-testresources
  #5 4.799   python-pyparsing-doc python-secretstorage-doc python-setuptools-doc
  #5 4.799   python3.10-venv python3.10-doc binfmt-support readline-doc systemd-container
  #5 4.799   libfido2-1 libtss2-esys-3.0.2-0 libtss2-mu0 libtss2-rc0
  #5 4.799 Recommended packages:
  #5 4.799   fakeroot libalgorithm-merge-perl less ssh-client manpages manpages-dev
  #5 4.799   libc-devtools libpam-cap dmsetup libfile-fcntllock-perl
  #5 4.799   liblocale-gettext-perl shared-mime-info xdg-user-dirs libldap-common
  #5 4.799   publicsuffix libsasl2-modules packagekit-tools netbase python3-dev
  #5 4.799   unattended-upgrades networkd-dispatcher systemd-timesyncd | time-daemon
  #5 4.799   libnss-systemd
  #5 5.099 The following NEW packages will be installed:
  #5 5.099   binutils binutils-common binutils-x86-64-linux-gnu build-essential bzip2
  #5 5.099   ca-certificates cmake cmake-data cpp cpp-11 curl dbus dh-elpa-helper dirmngr
  #5 5.099   distro-info-data dpkg-dev emacsen-common g++ g++-11 gcc gcc-11 gcc-11-base
  #5 5.099   gir1.2-glib-2.0 gir1.2-packagekitglib-1.0 git git-man gnupg gnupg-l10n
  #5 5.099   gnupg-utils gpg gpg-agent gpg-wks-client gpg-wks-server gpgconf gpgsm
  #5 5.099   iso-codes libapparmor1 libappstream4 libarchive13 libargon2-1 libasan6
  #5 5.099   libassuan0 libatomic1 libbinutils libbrotli1 libc-dev-bin libc6-dev
  #5 5.099   libcap2-bin libcc1-0 libcrypt-dev libcryptsetup12 libctf-nobfd0 libctf0
  #5 5.099   libcurl3-gnutls libcurl4 libdbus-1-3 libdevmapper1.02.1 libdpkg-perl libdw1
  #5 5.100   libelf1 liberror-perl libexpat1 libgcc-11-dev libgdbm-compat4 libgdbm6
  #5 5.100   libgirepository-1.0-1 libglib2.0-0 libglib2.0-bin libglib2.0-data libgomp1
  #5 5.100   libgstreamer1.0-0 libicu70 libip4tc2 libisl23 libitm1 libjson-c5
  #5 5.100   libjsoncpp25 libkmod2 libksba8 libldap-2.5-0 liblsan0 libmpc3 libmpdec3
  #5 5.100   libmpfr6 libnghttp2-14 libnpth0 libnsl-dev libpackagekit-glib2-18
  #5 5.100   libpam-systemd libperl5.34 libpolkit-agent-1-0 libpolkit-gobject-1-0 libpsl5
  #5 5.100   libpython3-stdlib libpython3.10-minimal libpython3.10-stdlib libquadmath0
  #5 5.100   libreadline8 librhash0 librtmp1 libsasl2-2 libsasl2-modules-db libsqlite3-0
  #5 5.100   libssh-4 libstdc++-11-dev libstemmer0d libtirpc-dev libtsan0 libubsan1
  #5 5.100   libunwind8 libuv1 libxml2 libxmlb2 libyaml-0-2 linux-libc-dev locales
  #5 5.100   lsb-release lto-disabled-list make media-types ninja-build openssl
  #5 5.100   packagekit patch perl perl-modules-5.34 pinentry-curses pkexec policykit-1
  #5 5.100   polkitd python-apt-common python3 python3-apt python3-blinker
  #5 5.100   python3-cffi-backend python3-cryptography python3-dbus python3-distro
  #5 5.100   python3-distutils python3-gi python3-httplib2 python3-importlib-metadata
  #5 5.100   python3-jeepney python3-jwt python3-keyring python3-launchpadlib
  #5 5.100   python3-lazr.restfulclient python3-lazr.uri python3-lib2to3 python3-minimal
  #5 5.100   python3-more-itertools python3-oauthlib python3-pip python3-pkg-resources
  #5 5.100   python3-pyparsing python3-secretstorage python3-setuptools python3-six
  #5 5.101   python3-software-properties python3-wadllib python3-wheel python3-zipp
  #5 5.101   python3.10 python3.10-minimal readline-common rpcsvc-proto
  #5 5.101   software-properties-common systemd systemd-sysv wget xz-utils
  #5 5.101 The following packages will be upgraded:
  #5 5.102   gcc-12-base libgcc-s1 libstdc++6
  #5 5.308 3 upgraded, 171 newly installed, 0 to remove and 0 not upgraded.
  #5 5.308 Need to get 130 MB of archives.
  #5 5.308 After this operation, 485 MB of additional disk space will be used.
  #5 5.308 Get:1 http://archive.ubuntu.com/ubuntu jammy-updates/main amd64 libpython3.10-minimal amd64 3.10.12-1~22.04.11 [815 kB]
  #5 5.942 Get:2 http://archive.ubuntu.com/ubuntu jammy-updates/main amd64 libexpat1 amd64 2.4.7-1ubuntu0.6 [92.1 kB]
  #5 5.948 Get:3 http://archive.ubuntu.com/ubuntu jammy-updates/main amd64 python3.10-minimal amd64 3.10.12-1~22.04.11 [2264 kB]
  #5 6.129 Get:4 http://archive.ubuntu.com/ubuntu jammy-updates/main amd64 python3-minimal amd64 3.10.6-1~22.04.1 [24.3 kB]
  #5 6.129 Get:5 http://archive.ubuntu.com/ubuntu jammy/main amd64 media-types all 7.0.0 [25.5 kB]
  #5 6.130 Get:6 http://archive.ubuntu.com/ubuntu jammy-updates/main amd64 gcc-12-base amd64 12.3.0-1ubuntu1~22.04.2 [20.6 kB]
  #5 6.131 Get:7 http://archive.ubuntu.com/ubuntu jammy-updates/main amd64 libgcc-s1 amd64 12.3.0-1ubuntu1~22.04.2 [53.9 kB]
  #5 6.133 Get:8 http://archive.ubuntu.com/ubuntu jammy-updates/main amd64 libstdc++6 amd64 12.3.0-1ubuntu1~22.04.2 [699 kB]
  #5 6.158 Get:9 http://archive.ubuntu.com/ubuntu jammy/main amd64 libmpdec3 amd64 2.5.1-2build2 [86.8 kB]
  #5 6.161 Get:10 http://archive.ubuntu.com/ubuntu jammy/main amd64 readline-common all 8.1.2-1 [53.5 kB]
  #5 6.163 Get:11 http://archive.ubuntu.com/ubuntu jammy/main amd64 libreadline8 amd64 8.1.2-1 [153 kB]
  #5 6.169 Get:12 http://archive.ubuntu.com/ubuntu jammy-updates/main amd64 libsqlite3-0 amd64 3.37.2-2ubuntu0.5 [643 kB]
  #5 6.216 Get:13 http://archive.ubuntu.com/ubuntu jammy-updates/main amd64 libpython3.10-stdlib amd64 3.10.12-1~22.04.11 [1850 kB]
  #5 6.304 Get:14 http://archive.ubuntu.com/ubuntu jammy-updates/main amd64 python3.10 amd64 3.10.12-1~22.04.11 [508 kB]
  #5 6.311 Get:15 http://archive.ubuntu.com/ubuntu jammy-updates/main amd64 libpython3-stdlib amd64 3.10.6-1~22.04.1 [6812 B]
  #5 6.311 Get:16 http://archive.ubuntu.com/ubuntu jammy-updates/main amd64 python3 amd64 3.10.6-1~22.04.1 [22.8 kB]
  #5 6.312 Get:17 http://archive.ubuntu.com/ubuntu jammy-updates/main amd64 libapparmor1 amd64 3.0.4-2ubuntu2.4 [39.7 kB]
  #5 6.313 Get:18 http://archive.ubuntu.com/ubuntu jammy/main amd64 libargon2-1 amd64 0~20171227-0.3 [19.5 kB]
  #5 6.313 Get:19 http://archive.ubuntu.com/ubuntu jammy-updates/main amd64 libdevmapper1.02.1 amd64 2:1.02.175-2.1ubuntu5 [139 kB]
  #5 6.315 Get:20 http://archive.ubuntu.com/ubuntu jammy-updates/main amd64 libjson-c5 amd64 0.15-3~ubuntu1.22.04.2 [33.5 kB]
  #5 6.316 Get:21 http://archive.ubuntu.com/ubuntu jammy-updates/main amd64 libcryptsetup12 amd64 2:2.4.3-1ubuntu1.3 [211 kB]
  #5 6.319 Get:22 http://archive.ubuntu.com/ubuntu jammy-updates/main amd64 libip4tc2 amd64 1.8.7-1ubuntu5.2 [19.9 kB]
  #5 6.391 Get:23 http://archive.ubuntu.com/ubuntu jammy/main amd64 libkmod2 amd64 29-1ubuntu1 [48.0 kB]
  #5 6.478 Get:24 http://archive.ubuntu.com/ubuntu jammy-updates/main amd64 systemd amd64 249.11-0ubuntu3.16 [4581 kB]
  #5 6.586 Get:25 http://archive.ubuntu.com/ubuntu jammy-updates/main amd64 systemd-sysv amd64 249.11-0ubuntu3.16 [10.5 kB]
  #5 6.586 Get:26 http://archive.ubuntu.com/ubuntu jammy-updates/main amd64 perl-modules-5.34 all 5.34.0-3ubuntu1.5 [2977 kB]
  #5 6.671 Get:27 http://archive.ubuntu.com/ubuntu jammy/main amd64 libgdbm6 amd64 1.23-1 [33.9 kB]
  #5 6.672 Get:28 http://archive.ubuntu.com/ubuntu jammy/main amd64 libgdbm-compat4 amd64 1.23-1 [6606 B]
  #5 6.672 Get:29 http://archive.ubuntu.com/ubuntu jammy-updates/main amd64 libperl5.34 amd64 5.34.0-3ubuntu1.5 [4797 kB]
  #5 6.830 Get:30 http://archive.ubuntu.com/ubuntu jammy-updates/main amd64 perl amd64 5.34.0-3ubuntu1.5 [232 kB]
  #5 6.833 Get:31 http://archive.ubuntu.com/ubuntu jammy-updates/main amd64 openssl amd64 3.0.2-0ubuntu1.19 [1186 kB]
  #5 6.848 Get:32 http://archive.ubuntu.com/ubuntu jammy-updates/main amd64 ca-certificates all 20240203~22.04.1 [162 kB]
  #5 6.851 Get:33 http://archive.ubuntu.com/ubuntu jammy-updates/main amd64 libdbus-1-3 amd64 1.12.20-2ubuntu4.1 [189 kB]
  #5 6.853 Get:34 http://archive.ubuntu.com/ubuntu jammy-updates/main amd64 dbus amd64 1.12.20-2ubuntu4.1 [158 kB]
  #5 6.856 Get:35 http://archive.ubuntu.com/ubuntu jammy-updates/main amd64 distro-info-data all 0.52ubuntu0.9 [5336 B]
  #5 6.856 Get:36 http://archive.ubuntu.com/ubuntu jammy-updates/main amd64 libglib2.0-0 amd64 2.72.4-0ubuntu2.6 [1467 kB]
  #5 6.927 Get:37 http://archive.ubuntu.com/ubuntu jammy/main amd64 libgirepository-1.0-1 amd64 1.72.0-1 [55.6 kB]
  #5 6.928 Get:38 http://archive.ubuntu.com/ubuntu jammy/main amd64 gir1.2-glib-2.0 amd64 1.72.0-1 [164 kB]
  #5 6.937 Get:39 http://archive.ubuntu.com/ubuntu jammy/main amd64 iso-codes all 4.9.0-1 [3459 kB]
  #5 7.035 Get:40 http://archive.ubuntu.com/ubuntu jammy-updates/main amd64 libcap2-bin amd64 1:2.44-1ubuntu0.22.04.2 [26.0 kB]
  #5 7.035 Get:41 http://archive.ubuntu.com/ubuntu jammy-updates/main amd64 libelf1 amd64 0.186-1ubuntu0.1 [51.1 kB]
  #5 7.036 Get:42 http://archive.ubuntu.com/ubuntu jammy-updates/main amd64 libglib2.0-data all 2.72.4-0ubuntu2.6 [4698 B]
  #5 7.036 Get:43 http://archive.ubuntu.com/ubuntu jammy/main amd64 libicu70 amd64 70.1-2 [10.6 MB]
  #5 7.351 Get:44 http://archive.ubuntu.com/ubuntu jammy-updates/main amd64 libpam-systemd amd64 249.11-0ubuntu3.16 [203 kB]
  #5 7.354 Get:45 http://archive.ubuntu.com/ubuntu jammy-updates/main amd64 libxml2 amd64 2.9.13+dfsg-1ubuntu0.8 [763 kB]
  #5 7.364 Get:46 http://archive.ubuntu.com/ubuntu jammy/main amd64 libyaml-0-2 amd64 0.2.2-1build2 [51.6 kB]
  #5 7.365 Get:47 http://archive.ubuntu.com/ubuntu jammy-updates/main amd64 locales all 2.35-0ubuntu3.10 [4248 kB]
  #5 7.487 Get:48 http://archive.ubuntu.com/ubuntu jammy/main amd64 lsb-release all 11.1.0ubuntu4 [10.8 kB]
  #5 7.487 Get:49 http://archive.ubuntu.com/ubuntu jammy-updates/main amd64 python-apt-common all 2.4.0ubuntu4 [14.6 kB]
  #5 7.487 Get:50 http://archive.ubuntu.com/ubuntu jammy-updates/main amd64 python3-apt amd64 2.4.0ubuntu4 [164 kB]
  #5 7.490 Get:51 http://archive.ubuntu.com/ubuntu jammy/main amd64 python3-dbus amd64 1.2.18-3build1 [99.5 kB]
  #5 7.493 Get:52 http://archive.ubuntu.com/ubuntu jammy-updates/main amd64 python3-gi amd64 3.42.1-0ubuntu1 [229 kB]
  #5 7.498 Get:53 http://archive.ubuntu.com/ubuntu jammy-updates/main amd64 python3-pkg-resources all 59.6.0-1.2ubuntu0.22.04.3 [133 kB]
  #5 7.530 Get:54 http://archive.ubuntu.com/ubuntu jammy-updates/main amd64 libnghttp2-14 amd64 1.43.0-1ubuntu0.2 [76.9 kB]
  #5 7.532 Get:55 http://archive.ubuntu.com/ubuntu jammy/main amd64 libpsl5 amd64 0.21.0-1.2build2 [58.4 kB]
  #5 7.533 Get:56 http://archive.ubuntu.com/ubuntu jammy-updates/main amd64 libuv1 amd64 1.43.0-1ubuntu0.1 [92.7 kB]
  #5 7.618 Get:57 http://archive.ubuntu.com/ubuntu jammy-updates/main amd64 wget amd64 1.21.2-2ubuntu1.1 [339 kB]
  #5 7.625 Get:58 http://archive.ubuntu.com/ubuntu jammy/main amd64 xz-utils amd64 5.2.5-2ubuntu1 [84.8 kB]
  #5 7.627 Get:59 http://archive.ubuntu.com/ubuntu jammy-updates/main amd64 binutils-common amd64 2.38-4ubuntu2.8 [223 kB]
  #5 7.632 Get:60 http://archive.ubuntu.com/ubuntu jammy-updates/main amd64 libbinutils amd64 2.38-4ubuntu2.8 [661 kB]
  #5 7.647 Get:61 http://archive.ubuntu.com/ubuntu jammy-updates/main amd64 libctf-nobfd0 amd64 2.38-4ubuntu2.8 [108 kB]
  #5 7.649 Get:62 http://archive.ubuntu.com/ubuntu jammy-updates/main amd64 libctf0 amd64 2.38-4ubuntu2.8 [103 kB]
  #5 7.652 Get:63 http://archive.ubuntu.com/ubuntu jammy-updates/main amd64 binutils-x86-64-linux-gnu amd64 2.38-4ubuntu2.8 [2324 kB]
  #5 7.722 Get:64 http://archive.ubuntu.com/ubuntu jammy-updates/main amd64 binutils amd64 2.38-4ubuntu2.8 [3196 B]
  #5 7.722 Get:65 http://archive.ubuntu.com/ubuntu jammy-updates/main amd64 libc-dev-bin amd64 2.35-0ubuntu3.10 [20.3 kB]
  #5 7.723 Get:66 http://archive.ubuntu.com/ubuntu jammy-updates/main amd64 linux-libc-dev amd64 5.15.0-153.163 [1324 kB]
  #5 7.792 Get:67 http://archive.ubuntu.com/ubuntu jammy/main amd64 libcrypt-dev amd64 1:4.4.27-1 [112 kB]
  #5 7.795 Get:68 http://archive.ubuntu.com/ubuntu jammy/main amd64 rpcsvc-proto amd64 1.4.2-0ubuntu6 [68.5 kB]
  #5 7.796 Get:69 http://archive.ubuntu.com/ubuntu jammy-updates/main amd64 libtirpc-dev amd64 1.3.2-2ubuntu0.1 [192 kB]
  #5 7.801 Get:70 http://archive.ubuntu.com/ubuntu jammy/main amd64 libnsl-dev amd64 1.3.0-2build2 [71.3 kB]
  #5 7.802 Get:71 http://archive.ubuntu.com/ubuntu jammy-updates/main amd64 libc6-dev amd64 2.35-0ubuntu3.10 [2100 kB]
  #5 7.849 Get:72 http://archive.ubuntu.com/ubuntu jammy-updates/main amd64 gcc-11-base amd64 11.4.0-1ubuntu1~22.04.2 [20.8 kB]
  #5 7.880 Get:73 http://archive.ubuntu.com/ubuntu jammy/main amd64 libisl23 amd64 0.24-2build1 [727 kB]
  #5 7.896 Get:74 http://archive.ubuntu.com/ubuntu jammy/main amd64 libmpfr6 amd64 4.1.0-3build3 [1425 kB]
  #5 7.928 Get:75 http://archive.ubuntu.com/ubuntu jammy/main amd64 libmpc3 amd64 1.2.1-2build1 [46.9 kB]
  #5 7.929 Get:76 http://archive.ubuntu.com/ubuntu jammy-updates/main amd64 cpp-11 amd64 11.4.0-1ubuntu1~22.04.2 [10.0 MB]
  #5 8.220 Get:77 http://archive.ubuntu.com/ubuntu jammy/main amd64 cpp amd64 4:11.2.0-1ubuntu1 [27.7 kB]
  #5 8.220 Get:78 http://archive.ubuntu.com/ubuntu jammy-updates/main amd64 libcc1-0 amd64 12.3.0-1ubuntu1~22.04.2 [48.3 kB]
  #5 8.221 Get:79 http://archive.ubuntu.com/ubuntu jammy-updates/main amd64 libgomp1 amd64 12.3.0-1ubuntu1~22.04.2 [127 kB]
  #5 8.223 Get:80 http://archive.ubuntu.com/ubuntu jammy-updates/main amd64 libitm1 amd64 12.3.0-1ubuntu1~22.04.2 [30.2 kB]
  #5 8.224 Get:81 http://archive.ubuntu.com/ubuntu jammy-updates/main amd64 libatomic1 amd64 12.3.0-1ubuntu1~22.04.2 [10.4 kB]
  #5 8.224 Get:82 http://archive.ubuntu.com/ubuntu jammy-updates/main amd64 libasan6 amd64 11.4.0-1ubuntu1~22.04.2 [2283 kB]
  #5 8.281 Get:83 http://archive.ubuntu.com/ubuntu jammy-updates/main amd64 liblsan0 amd64 12.3.0-1ubuntu1~22.04.2 [1069 kB]
  #5 8.323 Get:84 http://archive.ubuntu.com/ubuntu jammy-updates/main amd64 libtsan0 amd64 11.4.0-1ubuntu1~22.04.2 [2262 kB]
  #5 8.374 Get:85 http://archive.ubuntu.com/ubuntu jammy-updates/main amd64 libubsan1 amd64 12.3.0-1ubuntu1~22.04.2 [976 kB]
  #5 8.414 Get:86 http://archive.ubuntu.com/ubuntu jammy-updates/main amd64 libquadmath0 amd64 12.3.0-1ubuntu1~22.04.2 [154 kB]
  #5 8.416 Get:87 http://archive.ubuntu.com/ubuntu jammy-updates/main amd64 libgcc-11-dev amd64 11.4.0-1ubuntu1~22.04.2 [2517 kB]
  #5 8.491 Get:88 http://archive.ubuntu.com/ubuntu jammy-updates/main amd64 gcc-11 amd64 11.4.0-1ubuntu1~22.04.2 [20.1 MB]
  #5 9.086 Get:89 http://archive.ubuntu.com/ubuntu jammy/main amd64 gcc amd64 4:11.2.0-1ubuntu1 [5112 B]
  #5 9.086 Get:90 http://archive.ubuntu.com/ubuntu jammy-updates/main amd64 libstdc++-11-dev amd64 11.4.0-1ubuntu1~22.04.2 [2101 kB]
  #5 9.113 Get:91 http://archive.ubuntu.com/ubuntu jammy-updates/main amd64 g++-11 amd64 11.4.0-1ubuntu1~22.04.2 [11.4 MB]
  #5 9.466 Get:92 http://archive.ubuntu.com/ubuntu jammy/main amd64 g++ amd64 4:11.2.0-1ubuntu1 [1412 B]
  #5 9.466 Get:93 http://archive.ubuntu.com/ubuntu jammy/main amd64 make amd64 4.3-4.1build1 [180 kB]
  #5 9.469 Get:94 http://archive.ubuntu.com/ubuntu jammy-updates/main amd64 libdpkg-perl all 1.21.1ubuntu2.3 [237 kB]
  #5 9.472 Get:95 http://archive.ubuntu.com/ubuntu jammy/main amd64 bzip2 amd64 1.0.8-5build1 [34.8 kB]
  #5 9.473 Get:96 http://archive.ubuntu.com/ubuntu jammy/main amd64 patch amd64 2.7.6-7build2 [109 kB]
  #5 9.475 Get:97 http://archive.ubuntu.com/ubuntu jammy/main amd64 lto-disabled-list all 24 [12.5 kB]
  #5 9.475 Get:98 http://archive.ubuntu.com/ubuntu jammy-updates/main amd64 dpkg-dev all 1.21.1ubuntu2.3 [922 kB]
  #5 9.487 Get:99 http://archive.ubuntu.com/ubuntu jammy/main amd64 build-essential amd64 12.9ubuntu3 [4744 B]
  #5 9.487 Get:100 http://archive.ubuntu.com/ubuntu jammy-updates/main amd64 libarchive13 amd64 3.6.0-1ubuntu1.5 [368 kB]
  #5 9.557 Get:101 http://archive.ubuntu.com/ubuntu jammy/main amd64 libbrotli1 amd64 1.0.9-2build6 [315 kB]
  #5 9.626 Get:102 http://archive.ubuntu.com/ubuntu jammy-updates/main amd64 libsasl2-modules-db amd64 2.1.27+dfsg2-3ubuntu1.2 [20.5 kB]
  #5 9.675 Get:103 http://archive.ubuntu.com/ubuntu jammy-updates/main amd64 libsasl2-2 amd64 2.1.27+dfsg2-3ubuntu1.2 [53.8 kB]
  #5 9.706 Get:104 http://archive.ubuntu.com/ubuntu jammy-updates/main amd64 libldap-2.5-0 amd64 2.5.19+dfsg-0ubuntu0.22.04.1 [184 kB]
  #5 9.752 Get:105 http://archive.ubuntu.com/ubuntu jammy/main amd64 librtmp1 amd64 2.4+20151223.gitfa8646d.1-2build4 [58.2 kB]
  #5 9.758 Get:106 http://archive.ubuntu.com/ubuntu jammy-updates/main amd64 libssh-4 amd64 0.9.6-2ubuntu0.22.04.4 [187 kB]
  #5 9.775 Get:107 http://archive.ubuntu.com/ubuntu jammy-updates/main amd64 libcurl4 amd64 7.81.0-1ubuntu1.20 [289 kB]
  #5 9.791 Get:108 http://archive.ubuntu.com/ubuntu jammy/main amd64 libjsoncpp25 amd64 1.9.5-3 [80.0 kB]
  #5 9.794 Get:109 http://archive.ubuntu.com/ubuntu jammy/main amd64 librhash0 amd64 1.4.2-1ubuntu1 [125 kB]
  #5 9.798 Get:110 http://archive.ubuntu.com/ubuntu jammy/main amd64 dh-elpa-helper all 2.0.9ubuntu1 [7610 B]
  #5 9.799 Get:111 http://archive.ubuntu.com/ubuntu jammy/main amd64 emacsen-common all 3.0.4 [14.9 kB]
  #5 9.800 Get:112 http://archive.ubuntu.com/ubuntu jammy-updates/main amd64 cmake-data all 3.22.1-1ubuntu1.22.04.2 [1913 kB]
  #5 9.836 Get:113 http://archive.ubuntu.com/ubuntu jammy-updates/main amd64 cmake amd64 3.22.1-1ubuntu1.22.04.2 [5010 kB]
  #5 9.890 Get:114 http://archive.ubuntu.com/ubuntu jammy-updates/main amd64 curl amd64 7.81.0-1ubuntu1.20 [194 kB]
  #5 9.892 Get:115 http://archive.ubuntu.com/ubuntu jammy/main amd64 libassuan0 amd64 2.5.5-1build1 [38.2 kB]
  #5 9.892 Get:116 http://archive.ubuntu.com/ubuntu jammy-updates/main amd64 gpgconf amd64 2.2.27-3ubuntu2.4 [94.5 kB]
  #5 9.893 Get:117 http://archive.ubuntu.com/ubuntu jammy-updates/main amd64 libksba8 amd64 1.6.0-2ubuntu0.2 [119 kB]
  #5 9.894 Get:118 http://archive.ubuntu.com/ubuntu jammy/main amd64 libnpth0 amd64 1.6-3build2 [8664 B]
  #5 9.895 Get:119 http://archive.ubuntu.com/ubuntu jammy-updates/main amd64 dirmngr amd64 2.2.27-3ubuntu2.4 [293 kB]
  #5 9.897 Get:120 http://archive.ubuntu.com/ubuntu jammy-updates/main amd64 libpackagekit-glib2-18 amd64 1.2.5-2ubuntu3 [124 kB]
  #5 9.898 Get:121 http://archive.ubuntu.com/ubuntu jammy-updates/main amd64 gir1.2-packagekitglib-1.0 amd64 1.2.5-2ubuntu3 [25.3 kB]
  #5 9.899 Get:122 http://archive.ubuntu.com/ubuntu jammy-updates/main amd64 libcurl3-gnutls amd64 7.81.0-1ubuntu1.20 [284 kB]
  #5 9.915 Get:123 http://archive.ubuntu.com/ubuntu jammy/main amd64 liberror-perl all 0.17029-1 [26.5 kB]
  #5 9.938 Get:124 http://archive.ubuntu.com/ubuntu jammy-updates/main amd64 git-man all 1:2.34.1-1ubuntu1.15 [955 kB]
  #5 9.946 Get:125 http://archive.ubuntu.com/ubuntu jammy-updates/main amd64 git amd64 1:2.34.1-1ubuntu1.15 [3166 kB]
  #5 9.972 Get:126 http://archive.ubuntu.com/ubuntu jammy-updates/main amd64 gnupg-l10n all 2.2.27-3ubuntu2.4 [54.7 kB]
  #5 9.972 Get:127 http://archive.ubuntu.com/ubuntu jammy-updates/main amd64 gnupg-utils amd64 2.2.27-3ubuntu2.4 [309 kB]
  #5 9.975 Get:128 http://archive.ubuntu.com/ubuntu jammy-updates/main amd64 gpg amd64 2.2.27-3ubuntu2.4 [518 kB]
  #5 9.986 Get:129 http://archive.ubuntu.com/ubuntu jammy/main amd64 pinentry-curses amd64 1.1.1-1build2 [34.4 kB]
  #5 9.986 Get:130 http://archive.ubuntu.com/ubuntu jammy-updates/main amd64 gpg-agent amd64 2.2.27-3ubuntu2.4 [209 kB]
  #5 9.988 Get:131 http://archive.ubuntu.com/ubuntu jammy-updates/main amd64 gpg-wks-client amd64 2.2.27-3ubuntu2.4 [62.7 kB]
  #5 9.989 Get:132 http://archive.ubuntu.com/ubuntu jammy-updates/main amd64 gpg-wks-server amd64 2.2.27-3ubuntu2.4 [57.5 kB]
  #5 9.989 Get:133 http://archive.ubuntu.com/ubuntu jammy-updates/main amd64 gpgsm amd64 2.2.27-3ubuntu2.4 [197 kB]
  #5 9.991 Get:134 http://archive.ubuntu.com/ubuntu jammy-updates/main amd64 gnupg all 2.2.27-3ubuntu2.4 [315 kB]
  #5 10.01 Get:135 http://archive.ubuntu.com/ubuntu jammy/main amd64 libstemmer0d amd64 2.2.0-1build1 [165 kB]
  #5 10.01 Get:136 http://archive.ubuntu.com/ubuntu jammy/main amd64 libxmlb2 amd64 0.3.6-2build1 [67.8 kB]
  #5 10.01 Get:137 http://archive.ubuntu.com/ubuntu jammy/main amd64 libappstream4 amd64 0.15.2-2 [192 kB]
  #5 10.03 Get:138 http://archive.ubuntu.com/ubuntu jammy-updates/main amd64 libdw1 amd64 0.186-1ubuntu0.1 [251 kB]
  #5 10.03 Get:139 http://archive.ubuntu.com/ubuntu jammy-updates/main amd64 libglib2.0-bin amd64 2.72.4-0ubuntu2.6 [80.9 kB]
  #5 10.03 Get:140 http://archive.ubuntu.com/ubuntu jammy-updates/main amd64 libunwind8 amd64 1.3.2-2build2.1 [54.5 kB]
  #5 10.03 Get:141 http://archive.ubuntu.com/ubuntu jammy-updates/main amd64 libgstreamer1.0-0 amd64 1.20.3-0ubuntu1.1 [984 kB]
  #5 10.04 Get:142 http://archive.ubuntu.com/ubuntu jammy/main amd64 libpolkit-gobject-1-0 amd64 0.105-33 [43.2 kB]
  #5 10.04 Get:143 http://archive.ubuntu.com/ubuntu jammy/main amd64 libpolkit-agent-1-0 amd64 0.105-33 [16.8 kB]
  #5 10.04 Get:144 http://archive.ubuntu.com/ubuntu jammy/universe amd64 ninja-build amd64 1.10.1-1 [111 kB]
  #5 10.05 Get:145 http://archive.ubuntu.com/ubuntu jammy/main amd64 polkitd amd64 0.105-33 [80.0 kB]
  #5 10.05 Get:146 http://archive.ubuntu.com/ubuntu jammy/main amd64 pkexec amd64 0.105-33 [15.2 kB]
  #5 10.05 Get:147 http://archive.ubuntu.com/ubuntu jammy/main amd64 policykit-1 amd64 0.105-33 [2426 B]
  #5 10.08 Get:148 http://archive.ubuntu.com/ubuntu jammy/main amd64 python3-blinker all 1.4+dfsg1-0.4 [14.0 kB]
  #5 10.08 Get:149 http://archive.ubuntu.com/ubuntu jammy/main amd64 python3-cffi-backend amd64 1.15.0-1build2 [77.4 kB]
  #5 10.08 Get:150 http://archive.ubuntu.com/ubuntu jammy-updates/main amd64 python3-cryptography amd64 3.4.8-1ubuntu2.2 [236 kB]
  #5 10.08 Get:151 http://archive.ubuntu.com/ubuntu jammy-updates/main amd64 python3-lib2to3 all 3.10.8-1~22.04 [77.6 kB]
  #5 10.08 Get:152 http://archive.ubuntu.com/ubuntu jammy-updates/main amd64 python3-distutils all 3.10.8-1~22.04 [139 kB]
  #5 10.08 Get:153 http://archive.ubuntu.com/ubuntu jammy/main amd64 python3-pyparsing all 2.4.7-1 [61.4 kB]
  #5 10.08 Get:154 http://archive.ubuntu.com/ubuntu jammy/main amd64 python3-httplib2 all 0.20.2-2 [30.4 kB]
  #5 10.10 Get:155 http://archive.ubuntu.com/ubuntu jammy/main amd64 python3-more-itertools all 8.10.0-2 [47.9 kB]
  #5 10.10 Get:156 http://archive.ubuntu.com/ubuntu jammy-updates/main amd64 python3-zipp all 1.0.0-3ubuntu0.1 [6288 B]
  #5 10.10 Get:157 http://archive.ubuntu.com/ubuntu jammy/main amd64 python3-importlib-metadata all 4.6.4-1 [16.2 kB]
  #5 10.12 Get:158 http://archive.ubuntu.com/ubuntu jammy/main amd64 python3-jeepney all 0.7.1-3 [36.8 kB]
  #5 10.12 Get:159 http://archive.ubuntu.com/ubuntu jammy-updates/main amd64 python3-jwt all 2.3.0-1ubuntu0.2 [17.1 kB]
  #5 10.12 Get:160 http://archive.ubuntu.com/ubuntu jammy/main amd64 python3-secretstorage all 3.3.1-1 [13.2 kB]
  #5 10.12 Get:161 http://archive.ubuntu.com/ubuntu jammy/main amd64 python3-keyring all 23.5.0-1 [35.7 kB]
  #5 10.12 Get:162 http://archive.ubuntu.com/ubuntu jammy/main amd64 python3-lazr.uri all 1.0.6-2 [14.4 kB]
  #5 10.12 Get:163 http://archive.ubuntu.com/ubuntu jammy/main amd64 python3-wadllib all 1.3.6-1 [36.4 kB]
  #5 10.13 Get:164 http://archive.ubuntu.com/ubuntu jammy/main amd64 python3-distro all 1.7.0-1 [17.0 kB]
  #5 10.15 Get:165 http://archive.ubuntu.com/ubuntu jammy-updates/main amd64 python3-oauthlib all 3.2.0-1ubuntu0.1 [89.9 kB]
  #5 10.15 Get:166 http://archive.ubuntu.com/ubuntu jammy/main amd64 python3-six all 1.16.0-3ubuntu1 [12.6 kB]
  #5 10.15 Get:167 http://archive.ubuntu.com/ubuntu jammy/main amd64 python3-lazr.restfulclient all 0.14.4-1 [51.2 kB]
  #5 10.17 Get:168 http://archive.ubuntu.com/ubuntu jammy/main amd64 python3-launchpadlib all 1.10.16-1 [125 kB]
  #5 10.17 Get:169 http://archive.ubuntu.com/ubuntu jammy-updates/main amd64 python3-setuptools all 59.6.0-1.2ubuntu0.22.04.3 [340 kB]
  #5 10.18 Get:170 http://archive.ubuntu.com/ubuntu jammy-updates/universe amd64 python3-wheel all 0.37.1-2ubuntu0.22.04.1 [32.0 kB]
  #5 10.18 Get:171 http://archive.ubuntu.com/ubuntu jammy-updates/universe amd64 python3-pip all 22.0.2+dfsg-1ubuntu0.6 [1306 kB]
  #5 10.19 Get:172 http://archive.ubuntu.com/ubuntu jammy-updates/main amd64 python3-software-properties all 0.99.22.9 [28.8 kB]
  #5 10.19 Get:173 http://archive.ubuntu.com/ubuntu jammy-updates/main amd64 packagekit amd64 1.2.5-2ubuntu3 [442 kB]
  #5 10.20 Get:174 http://archive.ubuntu.com/ubuntu jammy-updates/main amd64 software-properties-common all 0.99.22.9 [14.1 kB]
  #5 10.37 debconf: delaying package configuration, since apt-utils is not installed
  #5 10.39 Fetched 130 MB in 5s (25.5 MB/s)
  #5 10.41 Selecting previously unselected package libpython3.10-minimal:amd64.
  #5 10.41 (Reading database ... 
  (Reading database ... 5%
  (Reading database ... 10%
  (Reading database ... 15%
  (Reading database ... 20%
  (Reading database ... 25%
  (Reading database ... 30%
  (Reading database ... 35%
  (Reading database ... 40%
  (Reading database ... 45%
  (Reading database ... 50%
  (Reading database ... 55%
  (Reading database ... 60%
  (Reading database ... 65%
  (Reading database ... 70%
  (Reading database ... 75%
  (Reading database ... 80%
  (Reading database ... 85%
  (Reading database ... 90%
  (Reading database ... 95%
  (Reading database ... 100%
  (Reading database ... 4393 files and directories currently installed.)
  #5 10.41 Preparing to unpack .../libpython3.10-minimal_3.10.12-1~22.04.11_amd64.deb ...
  #5 10.41 Unpacking libpython3.10-minimal:amd64 (3.10.12-1~22.04.11) ...
  #5 10.46 Selecting previously unselected package libexpat1:amd64.
  #5 10.46 Preparing to unpack .../libexpat1_2.4.7-1ubuntu0.6_amd64.deb ...
  #5 10.46 Unpacking libexpat1:amd64 (2.4.7-1ubuntu0.6) ...
  #5 10.48 Selecting previously unselected package python3.10-minimal.
  #5 10.48 Preparing to unpack .../python3.10-minimal_3.10.12-1~22.04.11_amd64.deb ...
  #5 10.48 Unpacking python3.10-minimal (3.10.12-1~22.04.11) ...
  #5 10.52 Setting up libpython3.10-minimal:amd64 (3.10.12-1~22.04.11) ...
  #5 10.53 Setting up libexpat1:amd64 (2.4.7-1ubuntu0.6) ...
  #5 10.53 Setting up python3.10-minimal (3.10.12-1~22.04.11) ...
  #5 11.10 Selecting previously unselected package python3-minimal.
  #5 11.10 (Reading database ... 
  (Reading database ... 5%
  (Reading database ... 10%
  (Reading database ... 15%
  (Reading database ... 20%
  (Reading database ... 25%
  (Reading database ... 30%
  (Reading database ... 35%
  (Reading database ... 40%
  (Reading database ... 45%
  (Reading database ... 50%
  (Reading database ... 55%
  (Reading database ... 60%
  (Reading database ... 65%
  (Reading database ... 70%
  (Reading database ... 75%
  (Reading database ... 80%
  (Reading database ... 85%
  (Reading database ... 90%
  (Reading database ... 95%
  (Reading database ... 100%
  (Reading database ... 4697 files and directories currently installed.)
  #5 11.11 Preparing to unpack .../python3-minimal_3.10.6-1~22.04.1_amd64.deb ...
  #5 11.11 Unpacking python3-minimal (3.10.6-1~22.04.1) ...
  #5 11.12 Selecting previously unselected package media-types.
  #5 11.12 Preparing to unpack .../media-types_7.0.0_all.deb ...
  #5 11.12 Unpacking media-types (7.0.0) ...
  #5 11.13 Preparing to unpack .../gcc-12-base_12.3.0-1ubuntu1~22.04.2_amd64.deb ...
  #5 11.14 Unpacking gcc-12-base:amd64 (12.3.0-1ubuntu1~22.04.2) over (12.3.0-1ubuntu1~22.04) ...
  #5 11.15 Setting up gcc-12-base:amd64 (12.3.0-1ubuntu1~22.04.2) ...
  #5 11.17 (Reading database ... 
  (Reading database ... 5%
  (Reading database ... 10%
  (Reading database ... 15%
  (Reading database ... 20%
  (Reading database ... 25%
  (Reading database ... 30%
  (Reading database ... 35%
  (Reading database ... 40%
  (Reading database ... 45%
  (Reading database ... 50%
  (Reading database ... 55%
  (Reading database ... 60%
  (Reading database ... 65%
  (Reading database ... 70%
  (Reading database ... 75%
  (Reading database ... 80%
  (Reading database ... 85%
  (Reading database ... 90%
  (Reading database ... 95%
  (Reading database ... 100%
  (Reading database ... 4724 files and directories currently installed.)
  #5 11.17 Preparing to unpack .../libgcc-s1_12.3.0-1ubuntu1~22.04.2_amd64.deb ...
  #5 11.17 Unpacking libgcc-s1:amd64 (12.3.0-1ubuntu1~22.04.2) over (12.3.0-1ubuntu1~22.04) ...
  #5 11.19 Setting up libgcc-s1:amd64 (12.3.0-1ubuntu1~22.04.2) ...
  #5 11.21 (Reading database ... 
  (Reading database ... 5%
  (Reading database ... 10%
  (Reading database ... 15%
  (Reading database ... 20%
  (Reading database ... 25%
  (Reading database ... 30%
  (Reading database ... 35%
  (Reading database ... 40%
  (Reading database ... 45%
  (Reading database ... 50%
  (Reading database ... 55%
  (Reading database ... 60%
  (Reading database ... 65%
  (Reading database ... 70%
  (Reading database ... 75%
  (Reading database ... 80%
  (Reading database ... 85%
  (Reading database ... 90%
  (Reading database ... 95%
  (Reading database ... 100%
  (Reading database ... 4724 files and directories currently installed.)
  #5 11.21 Preparing to unpack .../libstdc++6_12.3.0-1ubuntu1~22.04.2_amd64.deb ...
  #5 11.22 Unpacking libstdc++6:amd64 (12.3.0-1ubuntu1~22.04.2) over (12.3.0-1ubuntu1~22.04) ...
  #5 11.26 Setting up libstdc++6:amd64 (12.3.0-1ubuntu1~22.04.2) ...
  #5 11.28 Selecting previously unselected package libmpdec3:amd64.
  #5 11.28 (Reading database ... 
  (Reading database ... 5%
  (Reading database ... 10%
  (Reading database ... 15%
  (Reading database ... 20%
  (Reading database ... 25%
  (Reading database ... 30%
  (Reading database ... 35%
  (Reading database ... 40%
  (Reading database ... 45%
  (Reading database ... 50%
  (Reading database ... 55%
  (Reading database ... 60%
  (Reading database ... 65%
  (Reading database ... 70%
  (Reading database ... 75%
  (Reading database ... 80%
  (Reading database ... 85%
  (Reading database ... 90%
  (Reading database ... 95%
  (Reading database ... 100%
  (Reading database ... 4724 files and directories currently installed.)
  #5 11.28 Preparing to unpack .../0-libmpdec3_2.5.1-2build2_amd64.deb ...
  #5 11.28 Unpacking libmpdec3:amd64 (2.5.1-2build2) ...
  #5 11.29 Selecting previously unselected package readline-common.
  #5 11.29 Preparing to unpack .../1-readline-common_8.1.2-1_all.deb ...
  #5 11.30 Unpacking readline-common (8.1.2-1) ...
  #5 11.31 Selecting previously unselected package libreadline8:amd64.
  #5 11.31 Preparing to unpack .../2-libreadline8_8.1.2-1_amd64.deb ...
  #5 11.31 Unpacking libreadline8:amd64 (8.1.2-1) ...
  #5 11.32 Selecting previously unselected package libsqlite3-0:amd64.
  #5 11.32 Preparing to unpack .../3-libsqlite3-0_3.37.2-2ubuntu0.5_amd64.deb ...
  #5 11.32 Unpacking libsqlite3-0:amd64 (3.37.2-2ubuntu0.5) ...
  #5 11.34 Selecting previously unselected package libpython3.10-stdlib:amd64.
  #5 11.34 Preparing to unpack .../4-libpython3.10-stdlib_3.10.12-1~22.04.11_amd64.deb ...
  #5 11.34 Unpacking libpython3.10-stdlib:amd64 (3.10.12-1~22.04.11) ...
  #5 11.41 Selecting previously unselected package python3.10.
  #5 11.41 Preparing to unpack .../5-python3.10_3.10.12-1~22.04.11_amd64.deb ...
  #5 11.41 Unpacking python3.10 (3.10.12-1~22.04.11) ...
  #5 11.43 Selecting previously unselected package libpython3-stdlib:amd64.
  #5 11.43 Preparing to unpack .../6-libpython3-stdlib_3.10.6-1~22.04.1_amd64.deb ...
  #5 11.43 Unpacking libpython3-stdlib:amd64 (3.10.6-1~22.04.1) ...
  #5 11.44 Setting up python3-minimal (3.10.6-1~22.04.1) ...
  #5 11.58 Selecting previously unselected package python3.
  #5 11.58 (Reading database ... 
  (Reading database ... 5%
  (Reading database ... 10%
  (Reading database ... 15%
  (Reading database ... 20%
  (Reading database ... 25%
  (Reading database ... 30%
  (Reading database ... 35%
  (Reading database ... 40%
  (Reading database ... 45%
  (Reading database ... 50%
  (Reading database ... 55%
  (Reading database ... 60%
  (Reading database ... 65%
  (Reading database ... 70%
  (Reading database ... 75%
  (Reading database ... 80%
  (Reading database ... 85%
  (Reading database ... 90%
  (Reading database ... 95%
  (Reading database ... 100%
  (Reading database ... 5127 files and directories currently installed.)
  #5 11.58 Preparing to unpack .../0-python3_3.10.6-1~22.04.1_amd64.deb ...
  #5 11.58 Unpacking python3 (3.10.6-1~22.04.1) ...
  #5 11.60 Selecting previously unselected package libapparmor1:amd64.
  #5 11.60 Preparing to unpack .../1-libapparmor1_3.0.4-2ubuntu2.4_amd64.deb ...
  #5 11.60 Unpacking libapparmor1:amd64 (3.0.4-2ubuntu2.4) ...
  #5 11.61 Selecting previously unselected package libargon2-1:amd64.
  #5 11.61 Preparing to unpack .../2-libargon2-1_0~20171227-0.3_amd64.deb ...
  #5 11.61 Unpacking libargon2-1:amd64 (0~20171227-0.3) ...
  #5 11.62 Selecting previously unselected package libdevmapper1.02.1:amd64.
  #5 11.62 Preparing to unpack .../3-libdevmapper1.02.1_2%3a1.02.175-2.1ubuntu5_amd64.deb ...
  #5 11.62 Unpacking libdevmapper1.02.1:amd64 (2:1.02.175-2.1ubuntu5) ...
  #5 11.63 Selecting previously unselected package libjson-c5:amd64.
  #5 11.63 Preparing to unpack .../4-libjson-c5_0.15-3~ubuntu1.22.04.2_amd64.deb ...
  #5 11.64 Unpacking libjson-c5:amd64 (0.15-3~ubuntu1.22.04.2) ...
  #5 11.65 Selecting previously unselected package libcryptsetup12:amd64.
  #5 11.65 Preparing to unpack .../5-libcryptsetup12_2%3a2.4.3-1ubuntu1.3_amd64.deb ...
  #5 11.65 Unpacking libcryptsetup12:amd64 (2:2.4.3-1ubuntu1.3) ...
  #5 11.66 Selecting previously unselected package libip4tc2:amd64.
  #5 11.66 Preparing to unpack .../6-libip4tc2_1.8.7-1ubuntu5.2_amd64.deb ...
  #5 11.66 Unpacking libip4tc2:amd64 (1.8.7-1ubuntu5.2) ...
  #5 11.68 Selecting previously unselected package libkmod2:amd64.
  #5 11.68 Preparing to unpack .../7-libkmod2_29-1ubuntu1_amd64.deb ...
  #5 11.68 Unpacking libkmod2:amd64 (29-1ubuntu1) ...
  #5 11.69 Selecting previously unselected package systemd.
  #5 11.69 Preparing to unpack .../8-systemd_249.11-0ubuntu3.16_amd64.deb ...
  #5 11.70 Unpacking systemd (249.11-0ubuntu3.16) ...
  #5 11.81 Setting up libapparmor1:amd64 (3.0.4-2ubuntu2.4) ...
  #5 11.82 Setting up libargon2-1:amd64 (0~20171227-0.3) ...
  #5 11.82 Setting up libdevmapper1.02.1:amd64 (2:1.02.175-2.1ubuntu5) ...
  #5 11.82 Setting up libjson-c5:amd64 (0.15-3~ubuntu1.22.04.2) ...
  #5 11.82 Setting up libcryptsetup12:amd64 (2:2.4.3-1ubuntu1.3) ...
  #5 11.82 Setting up libip4tc2:amd64 (1.8.7-1ubuntu5.2) ...
  #5 11.83 Setting up libkmod2:amd64 (29-1ubuntu1) ...
  #5 11.83 Setting up systemd (249.11-0ubuntu3.16) ...
  #5 11.84 Created symlink /etc/systemd/system/getty.target.wants/getty@tty1.service â†’ /lib/systemd/system/getty@.service.
  #5 11.84 Created symlink /etc/systemd/system/multi-user.target.wants/remote-fs.target â†’ /lib/systemd/system/remote-fs.target.
  #5 11.84 Created symlink /etc/systemd/system/dbus-org.freedesktop.resolve1.service â†’ /lib/systemd/system/systemd-resolved.service.
  #5 11.84 Created symlink /etc/systemd/system/multi-user.target.wants/systemd-resolved.service â†’ /lib/systemd/system/systemd-resolved.service.
  #5 11.85 ln: failed to create symbolic link '/etc/resolv.conf': Device or resource busy
  #5 11.85 Created symlink /etc/systemd/system/sysinit.target.wants/systemd-pstore.service â†’ /lib/systemd/system/systemd-pstore.service.
  #5 11.85 Initializing machine ID from random generator.
  #5 12.04 Selecting previously unselected package systemd-sysv.
  #5 12.04 (Reading database ... 
  (Reading database ... 5%
  (Reading database ... 10%
  (Reading database ... 15%
  (Reading database ... 20%
  (Reading database ... 25%
  (Reading database ... 30%
  (Reading database ... 35%
  (Reading database ... 40%
  (Reading database ... 45%
  (Reading database ... 50%
  (Reading database ... 55%
  (Reading database ... 60%
  (Reading database ... 65%
  (Reading database ... 70%
  (Reading database ... 75%
  (Reading database ... 80%
  (Reading database ... 85%
  (Reading database ... 90%
  (Reading database ... 95%
  (Reading database ... 100%
  (Reading database ... 5966 files and directories currently installed.)
  #5 12.04 Preparing to unpack .../000-systemd-sysv_249.11-0ubuntu3.16_amd64.deb ...
  #5 12.05 Unpacking systemd-sysv (249.11-0ubuntu3.16) ...
  #5 12.06 Selecting previously unselected package perl-modules-5.34.
  #5 12.06 Preparing to unpack .../001-perl-modules-5.34_5.34.0-3ubuntu1.5_all.deb ...
  #5 12.06 Unpacking perl-modules-5.34 (5.34.0-3ubuntu1.5) ...
  #5 12.21 Selecting previously unselected package libgdbm6:amd64.
  #5 12.21 Preparing to unpack .../002-libgdbm6_1.23-1_amd64.deb ...
  #5 12.22 Unpacking libgdbm6:amd64 (1.23-1) ...
  #5 12.23 Selecting previously unselected package libgdbm-compat4:amd64.
  #5 12.23 Preparing to unpack .../003-libgdbm-compat4_1.23-1_amd64.deb ...
  #5 12.23 Unpacking libgdbm-compat4:amd64 (1.23-1) ...
  #5 12.24 Selecting previously unselected package libperl5.34:amd64.
  #5 12.24 Preparing to unpack .../004-libperl5.34_5.34.0-3ubuntu1.5_amd64.deb ...
  #5 12.24 Unpacking libperl5.34:amd64 (5.34.0-3ubuntu1.5) ...
  #5 12.37 Selecting previously unselected package perl.
  #5 12.38 Preparing to unpack .../005-perl_5.34.0-3ubuntu1.5_amd64.deb ...
  #5 12.38 Unpacking perl (5.34.0-3ubuntu1.5) ...
  #5 12.40 Selecting previously unselected package openssl.
  #5 12.40 Preparing to unpack .../006-openssl_3.0.2-0ubuntu1.19_amd64.deb ...
  #5 12.40 Unpacking openssl (3.0.2-0ubuntu1.19) ...
  #5 12.42 Selecting previously unselected package ca-certificates.
  #5 12.42 Preparing to unpack .../007-ca-certificates_20240203~22.04.1_all.deb ...
  #5 12.42 Unpacking ca-certificates (20240203~22.04.1) ...
  #5 12.45 Selecting previously unselected package libdbus-1-3:amd64.
  #5 12.45 Preparing to unpack .../008-libdbus-1-3_1.12.20-2ubuntu4.1_amd64.deb ...
  #5 12.45 Unpacking libdbus-1-3:amd64 (1.12.20-2ubuntu4.1) ...
  #5 12.46 Selecting previously unselected package dbus.
  #5 12.46 Preparing to unpack .../009-dbus_1.12.20-2ubuntu4.1_amd64.deb ...
  #5 12.47 Unpacking dbus (1.12.20-2ubuntu4.1) ...
  #5 12.49 Selecting previously unselected package distro-info-data.
  #5 12.49 Preparing to unpack .../010-distro-info-data_0.52ubuntu0.9_all.deb ...
  #5 12.49 Unpacking distro-info-data (0.52ubuntu0.9) ...
  #5 12.50 Selecting previously unselected package libglib2.0-0:amd64.
  #5 12.50 Preparing to unpack .../011-libglib2.0-0_2.72.4-0ubuntu2.6_amd64.deb ...
  #5 12.50 Unpacking libglib2.0-0:amd64 (2.72.4-0ubuntu2.6) ...
  #5 12.53 Selecting previously unselected package libgirepository-1.0-1:amd64.
  #5 12.53 Preparing to unpack .../012-libgirepository-1.0-1_1.72.0-1_amd64.deb ...
  #5 12.53 Unpacking libgirepository-1.0-1:amd64 (1.72.0-1) ...
  #5 12.54 Selecting previously unselected package gir1.2-glib-2.0:amd64.
  #5 12.55 Preparing to unpack .../013-gir1.2-glib-2.0_1.72.0-1_amd64.deb ...
  #5 12.55 Unpacking gir1.2-glib-2.0:amd64 (1.72.0-1) ...
  #5 12.56 Selecting previously unselected package iso-codes.
  #5 12.56 Preparing to unpack .../014-iso-codes_4.9.0-1_all.deb ...
  #5 12.56 Unpacking iso-codes (4.9.0-1) ...
  #5 12.67 Selecting previously unselected package libcap2-bin.
  #5 12.67 Preparing to unpack .../015-libcap2-bin_1%3a2.44-1ubuntu0.22.04.2_amd64.deb ...
  #5 12.67 Unpacking libcap2-bin (1:2.44-1ubuntu0.22.04.2) ...
  #5 12.68 Selecting previously unselected package libelf1:amd64.
  #5 12.68 Preparing to unpack .../016-libelf1_0.186-1ubuntu0.1_amd64.deb ...
  #5 12.68 Unpacking libelf1:amd64 (0.186-1ubuntu0.1) ...
  #5 12.69 Selecting previously unselected package libglib2.0-data.
  #5 12.70 Preparing to unpack .../017-libglib2.0-data_2.72.4-0ubuntu2.6_all.deb ...
  #5 12.70 Unpacking libglib2.0-data (2.72.4-0ubuntu2.6) ...
  #5 12.71 Selecting previously unselected package libicu70:amd64.
  #5 12.71 Preparing to unpack .../018-libicu70_70.1-2_amd64.deb ...
  #5 12.71 Unpacking libicu70:amd64 (70.1-2) ...
  #5 12.85 Selecting previously unselected package libpam-systemd:amd64.
  #5 12.85 Preparing to unpack .../019-libpam-systemd_249.11-0ubuntu3.16_amd64.deb ...
  #5 12.85 Unpacking libpam-systemd:amd64 (249.11-0ubuntu3.16) ...
  #5 12.87 Selecting previously unselected package libxml2:amd64.
  #5 12.87 Preparing to unpack .../020-libxml2_2.9.13+dfsg-1ubuntu0.8_amd64.deb ...
  #5 12.87 Unpacking libxml2:amd64 (2.9.13+dfsg-1ubuntu0.8) ...
  #5 12.89 Selecting previously unselected package libyaml-0-2:amd64.
  #5 12.89 Preparing to unpack .../021-libyaml-0-2_0.2.2-1build2_amd64.deb ...
  #5 12.89 Unpacking libyaml-0-2:amd64 (0.2.2-1build2) ...
  #5 12.90 Selecting previously unselected package locales.
  #5 12.90 Preparing to unpack .../022-locales_2.35-0ubuntu3.10_all.deb ...
  #5 12.90 Unpacking locales (2.35-0ubuntu3.10) ...
  #5 13.01 Selecting previously unselected package lsb-release.
  #5 13.01 Preparing to unpack .../023-lsb-release_11.1.0ubuntu4_all.deb ...
  #5 13.01 Unpacking lsb-release (11.1.0ubuntu4) ...
  #5 13.02 Selecting previously unselected package python-apt-common.
  #5 13.03 Preparing to unpack .../024-python-apt-common_2.4.0ubuntu4_all.deb ...
  #5 13.03 Unpacking python-apt-common (2.4.0ubuntu4) ...
  #5 13.04 Selecting previously unselected package python3-apt.
  #5 13.04 Preparing to unpack .../025-python3-apt_2.4.0ubuntu4_amd64.deb ...
  #5 13.04 Unpacking python3-apt (2.4.0ubuntu4) ...
  #5 13.06 Selecting previously unselected package python3-dbus.
  #5 13.06 Preparing to unpack .../026-python3-dbus_1.2.18-3build1_amd64.deb ...
  #5 13.06 Unpacking python3-dbus (1.2.18-3build1) ...
  #5 13.07 Selecting previously unselected package python3-gi.
  #5 13.07 Preparing to unpack .../027-python3-gi_3.42.1-0ubuntu1_amd64.deb ...
  #5 13.07 Unpacking python3-gi (3.42.1-0ubuntu1) ...
  #5 13.09 Selecting previously unselected package python3-pkg-resources.
  #5 13.09 Preparing to unpack .../028-python3-pkg-resources_59.6.0-1.2ubuntu0.22.04.3_all.deb ...
  #5 13.09 Unpacking python3-pkg-resources (59.6.0-1.2ubuntu0.22.04.3) ...
  #5 13.11 Selecting previously unselected package libnghttp2-14:amd64.
  #5 13.11 Preparing to unpack .../029-libnghttp2-14_1.43.0-1ubuntu0.2_amd64.deb ...
  #5 13.11 Unpacking libnghttp2-14:amd64 (1.43.0-1ubuntu0.2) ...
  #5 13.12 Selecting previously unselected package libpsl5:amd64.
  #5 13.12 Preparing to unpack .../030-libpsl5_0.21.0-1.2build2_amd64.deb ...
  #5 13.12 Unpacking libpsl5:amd64 (0.21.0-1.2build2) ...
  #5 13.13 Selecting previously unselected package libuv1:amd64.
  #5 13.13 Preparing to unpack .../031-libuv1_1.43.0-1ubuntu0.1_amd64.deb ...
  #5 13.13 Unpacking libuv1:amd64 (1.43.0-1ubuntu0.1) ...
  #5 13.14 Selecting previously unselected package wget.
  #5 13.15 Preparing to unpack .../032-wget_1.21.2-2ubuntu1.1_amd64.deb ...
  #5 13.15 Unpacking wget (1.21.2-2ubuntu1.1) ...
  #5 13.16 Selecting previously unselected package xz-utils.
  #5 13.16 Preparing to unpack .../033-xz-utils_5.2.5-2ubuntu1_amd64.deb ...
  #5 13.16 Unpacking xz-utils (5.2.5-2ubuntu1) ...
  #5 13.17 Selecting previously unselected package binutils-common:amd64.
  #5 13.17 Preparing to unpack .../034-binutils-common_2.38-4ubuntu2.8_amd64.deb ...
  #5 13.18 Unpacking binutils-common:amd64 (2.38-4ubuntu2.8) ...
  #5 13.19 Selecting previously unselected package libbinutils:amd64.
  #5 13.19 Preparing to unpack .../035-libbinutils_2.38-4ubuntu2.8_amd64.deb ...
  #5 13.19 Unpacking libbinutils:amd64 (2.38-4ubuntu2.8) ...
  #5 13.21 Selecting previously unselected package libctf-nobfd0:amd64.
  #5 13.21 Preparing to unpack .../036-libctf-nobfd0_2.38-4ubuntu2.8_amd64.deb ...
  #5 13.21 Unpacking libctf-nobfd0:amd64 (2.38-4ubuntu2.8) ...
  #5 13.22 Selecting previously unselected package libctf0:amd64.
  #5 13.22 Preparing to unpack .../037-libctf0_2.38-4ubuntu2.8_amd64.deb ...
  #5 13.23 Unpacking libctf0:amd64 (2.38-4ubuntu2.8) ...
  #5 13.24 Selecting previously unselected package binutils-x86-64-linux-gnu.
  #5 13.24 Preparing to unpack .../038-binutils-x86-64-linux-gnu_2.38-4ubuntu2.8_amd64.deb ...
  #5 13.24 Unpacking binutils-x86-64-linux-gnu (2.38-4ubuntu2.8) ...
  #5 13.30 Selecting previously unselected package binutils.
  #5 13.30 Preparing to unpack .../039-binutils_2.38-4ubuntu2.8_amd64.deb ...
  #5 13.30 Unpacking binutils (2.38-4ubuntu2.8) ...
  #5 13.31 Selecting previously unselected package libc-dev-bin.
  #5 13.31 Preparing to unpack .../040-libc-dev-bin_2.35-0ubuntu3.10_amd64.deb ...
  #5 13.31 Unpacking libc-dev-bin (2.35-0ubuntu3.10) ...
  #5 13.32 Selecting previously unselected package linux-libc-dev:amd64.
  #5 13.32 Preparing to unpack .../041-linux-libc-dev_5.15.0-153.163_amd64.deb ...
  #5 13.33 Unpacking linux-libc-dev:amd64 (5.15.0-153.163) ...
  #5 13.43 Selecting previously unselected package libcrypt-dev:amd64.
  #5 13.43 Preparing to unpack .../042-libcrypt-dev_1%3a4.4.27-1_amd64.deb ...
  #5 13.43 Unpacking libcrypt-dev:amd64 (1:4.4.27-1) ...
  #5 13.44 Selecting previously unselected package rpcsvc-proto.
  #5 13.44 Preparing to unpack .../043-rpcsvc-proto_1.4.2-0ubuntu6_amd64.deb ...
  #5 13.44 Unpacking rpcsvc-proto (1.4.2-0ubuntu6) ...
  #5 13.45 Selecting previously unselected package libtirpc-dev:amd64.
  #5 13.45 Preparing to unpack .../044-libtirpc-dev_1.3.2-2ubuntu0.1_amd64.deb ...
  #5 13.46 Unpacking libtirpc-dev:amd64 (1.3.2-2ubuntu0.1) ...
  #5 13.47 Selecting previously unselected package libnsl-dev:amd64.
  #5 13.47 Preparing to unpack .../045-libnsl-dev_1.3.0-2build2_amd64.deb ...
  #5 13.47 Unpacking libnsl-dev:amd64 (1.3.0-2build2) ...
  #5 13.48 Selecting previously unselected package libc6-dev:amd64.
  #5 13.49 Preparing to unpack .../046-libc6-dev_2.35-0ubuntu3.10_amd64.deb ...
  #5 13.49 Unpacking libc6-dev:amd64 (2.35-0ubuntu3.10) ...
  #5 13.58 Selecting previously unselected package gcc-11-base:amd64.
  #5 13.58 Preparing to unpack .../047-gcc-11-base_11.4.0-1ubuntu1~22.04.2_amd64.deb ...
  #5 13.58 Unpacking gcc-11-base:amd64 (11.4.0-1ubuntu1~22.04.2) ...
  #5 13.59 Selecting previously unselected package libisl23:amd64.
  #5 13.59 Preparing to unpack .../048-libisl23_0.24-2build1_amd64.deb ...
  #5 13.59 Unpacking libisl23:amd64 (0.24-2build1) ...
  #5 13.61 Selecting previously unselected package libmpfr6:amd64.
  #5 13.61 Preparing to unpack .../049-libmpfr6_4.1.0-3build3_amd64.deb ...
  #5 13.62 Unpacking libmpfr6:amd64 (4.1.0-3build3) ...
  #5 13.64 Selecting previously unselected package libmpc3:amd64.
  #5 13.64 Preparing to unpack .../050-libmpc3_1.2.1-2build1_amd64.deb ...
  #5 13.64 Unpacking libmpc3:amd64 (1.2.1-2build1) ...
  #5 13.65 Selecting previously unselected package cpp-11.
  #5 13.65 Preparing to unpack .../051-cpp-11_11.4.0-1ubuntu1~22.04.2_amd64.deb ...
  #5 13.65 Unpacking cpp-11 (11.4.0-1ubuntu1~22.04.2) ...
  #5 13.78 Selecting previously unselected package cpp.
  #5 13.78 Preparing to unpack .../052-cpp_4%3a11.2.0-1ubuntu1_amd64.deb ...
  #5 13.78 Unpacking cpp (4:11.2.0-1ubuntu1) ...
  #5 13.79 Selecting previously unselected package libcc1-0:amd64.
  #5 13.80 Preparing to unpack .../053-libcc1-0_12.3.0-1ubuntu1~22.04.2_amd64.deb ...
  #5 13.80 Unpacking libcc1-0:amd64 (12.3.0-1ubuntu1~22.04.2) ...
  #5 13.81 Selecting previously unselected package libgomp1:amd64.
  #5 13.81 Preparing to unpack .../054-libgomp1_12.3.0-1ubuntu1~22.04.2_amd64.deb ...
  #5 13.81 Unpacking libgomp1:amd64 (12.3.0-1ubuntu1~22.04.2) ...
  #5 13.82 Selecting previously unselected package libitm1:amd64.
  #5 13.82 Preparing to unpack .../055-libitm1_12.3.0-1ubuntu1~22.04.2_amd64.deb ...
  #5 13.83 Unpacking libitm1:amd64 (12.3.0-1ubuntu1~22.04.2) ...
  #5 13.84 Selecting previously unselected package libatomic1:amd64.
  #5 13.84 Preparing to unpack .../056-libatomic1_12.3.0-1ubuntu1~22.04.2_amd64.deb ...
  #5 13.84 Unpacking libatomic1:amd64 (12.3.0-1ubuntu1~22.04.2) ...
  #5 13.85 Selecting previously unselected package libasan6:amd64.
  #5 13.85 Preparing to unpack .../057-libasan6_11.4.0-1ubuntu1~22.04.2_amd64.deb ...
  #5 13.86 Unpacking libasan6:amd64 (11.4.0-1ubuntu1~22.04.2) ...
  #5 13.90 Selecting previously unselected package liblsan0:amd64.
  #5 13.90 Preparing to unpack .../058-liblsan0_12.3.0-1ubuntu1~22.04.2_amd64.deb ...
  #5 13.90 Unpacking liblsan0:amd64 (12.3.0-1ubuntu1~22.04.2) ...
  #5 13.92 Selecting previously unselected package libtsan0:amd64.
  #5 13.92 Preparing to unpack .../059-libtsan0_11.4.0-1ubuntu1~22.04.2_amd64.deb ...
  #5 13.93 Unpacking libtsan0:amd64 (11.4.0-1ubuntu1~22.04.2) ...
  #5 13.97 Selecting previously unselected package libubsan1:amd64.
  #5 13.97 Preparing to unpack .../060-libubsan1_12.3.0-1ubuntu1~22.04.2_amd64.deb ...
  #5 13.97 Unpacking libubsan1:amd64 (12.3.0-1ubuntu1~22.04.2) ...
  #5 13.99 Selecting previously unselected package libquadmath0:amd64.
  #5 13.99 Preparing to unpack .../061-libquadmath0_12.3.0-1ubuntu1~22.04.2_amd64.deb ...
  #5 14.00 Unpacking libquadmath0:amd64 (12.3.0-1ubuntu1~22.04.2) ...
  #5 14.01 Selecting previously unselected package libgcc-11-dev:amd64.
  #5 14.01 Preparing to unpack .../062-libgcc-11-dev_11.4.0-1ubuntu1~22.04.2_amd64.deb ...
  #5 14.01 Unpacking libgcc-11-dev:amd64 (11.4.0-1ubuntu1~22.04.2) ...
  #5 14.07 Selecting previously unselected package gcc-11.
  #5 14.07 Preparing to unpack .../063-gcc-11_11.4.0-1ubuntu1~22.04.2_amd64.deb ...
  #5 14.07 Unpacking gcc-11 (11.4.0-1ubuntu1~22.04.2) ...
  #5 14.29 Selecting previously unselected package gcc.
  #5 14.29 Preparing to unpack .../064-gcc_4%3a11.2.0-1ubuntu1_amd64.deb ...
  #5 14.29 Unpacking gcc (4:11.2.0-1ubuntu1) ...
  #5 14.30 Selecting previously unselected package libstdc++-11-dev:amd64.
  #5 14.31 Preparing to unpack .../065-libstdc++-11-dev_11.4.0-1ubuntu1~22.04.2_amd64.deb ...
  #5 14.31 Unpacking libstdc++-11-dev:amd64 (11.4.0-1ubuntu1~22.04.2) ...
  #5 14.43 Selecting previously unselected package g++-11.
  #5 14.43 Preparing to unpack .../066-g++-11_11.4.0-1ubuntu1~22.04.2_amd64.deb ...
  #5 14.43 Unpacking g++-11 (11.4.0-1ubuntu1~22.04.2) ...
  #5 14.56 Selecting previously unselected package g++.
  #5 14.56 Preparing to unpack .../067-g++_4%3a11.2.0-1ubuntu1_amd64.deb ...
  #5 14.56 Unpacking g++ (4:11.2.0-1ubuntu1) ...
  #5 14.57 Selecting previously unselected package make.
  #5 14.57 Preparing to unpack .../068-make_4.3-4.1build1_amd64.deb ...
  #5 14.57 Unpacking make (4.3-4.1build1) ...
  #5 14.59 Selecting previously unselected package libdpkg-perl.
  #5 14.59 Preparing to unpack .../069-libdpkg-perl_1.21.1ubuntu2.3_all.deb ...
  #5 14.59 Unpacking libdpkg-perl (1.21.1ubuntu2.3) ...
  #5 14.61 Selecting previously unselected package bzip2.
  #5 14.61 Preparing to unpack .../070-bzip2_1.0.8-5build1_amd64.deb ...
  #5 14.61 Unpacking bzip2 (1.0.8-5build1) ...
  #5 14.62 Selecting previously unselected package patch.
  #5 14.62 Preparing to unpack .../071-patch_2.7.6-7build2_amd64.deb ...
  #5 14.62 Unpacking patch (2.7.6-7build2) ...
  #5 14.64 Selecting previously unselected package lto-disabled-list.
  #5 14.64 Preparing to unpack .../072-lto-disabled-list_24_all.deb ...
  #5 14.64 Unpacking lto-disabled-list (24) ...
  #5 14.65 Selecting previously unselected package dpkg-dev.
  #5 14.65 Preparing to unpack .../073-dpkg-dev_1.21.1ubuntu2.3_all.deb ...
  #5 14.65 Unpacking dpkg-dev (1.21.1ubuntu2.3) ...
  #5 14.67 Selecting previously unselected package build-essential.
  #5 14.67 Preparing to unpack .../074-build-essential_12.9ubuntu3_amd64.deb ...
  #5 14.67 Unpacking build-essential (12.9ubuntu3) ...
  #5 14.68 Selecting previously unselected package libarchive13:amd64.
  #5 14.69 Preparing to unpack .../075-libarchive13_3.6.0-1ubuntu1.5_amd64.deb ...
  #5 14.69 Unpacking libarchive13:amd64 (3.6.0-1ubuntu1.5) ...
  #5 14.70 Selecting previously unselected package libbrotli1:amd64.
  #5 14.70 Preparing to unpack .../076-libbrotli1_1.0.9-2build6_amd64.deb ...
  #5 14.71 Unpacking libbrotli1:amd64 (1.0.9-2build6) ...
  #5 14.72 Selecting previously unselected package libsasl2-modules-db:amd64.
  #5 14.72 Preparing to unpack .../077-libsasl2-modules-db_2.1.27+dfsg2-3ubuntu1.2_amd64.deb ...
  #5 14.72 Unpacking libsasl2-modules-db:amd64 (2.1.27+dfsg2-3ubuntu1.2) ...
  #5 14.74 Selecting previously unselected package libsasl2-2:amd64.
  #5 14.74 Preparing to unpack .../078-libsasl2-2_2.1.27+dfsg2-3ubuntu1.2_amd64.deb ...
  #5 14.74 Unpacking libsasl2-2:amd64 (2.1.27+dfsg2-3ubuntu1.2) ...
  #5 14.75 Selecting previously unselected package libldap-2.5-0:amd64.
  #5 14.75 Preparing to unpack .../079-libldap-2.5-0_2.5.19+dfsg-0ubuntu0.22.04.1_amd64.deb ...
  #5 14.75 Unpacking libldap-2.5-0:amd64 (2.5.19+dfsg-0ubuntu0.22.04.1) ...
  #5 14.76 Selecting previously unselected package librtmp1:amd64.
  #5 14.77 Preparing to unpack .../080-librtmp1_2.4+20151223.gitfa8646d.1-2build4_amd64.deb ...
  #5 14.77 Unpacking librtmp1:amd64 (2.4+20151223.gitfa8646d.1-2build4) ...
  #5 14.78 Selecting previously unselected package libssh-4:amd64.
  #5 14.78 Preparing to unpack .../081-libssh-4_0.9.6-2ubuntu0.22.04.4_amd64.deb ...
  #5 14.78 Unpacking libssh-4:amd64 (0.9.6-2ubuntu0.22.04.4) ...
  #5 14.79 Selecting previously unselected package libcurl4:amd64.
  #5 14.80 Preparing to unpack .../082-libcurl4_7.81.0-1ubuntu1.20_amd64.deb ...
  #5 14.80 Unpacking libcurl4:amd64 (7.81.0-1ubuntu1.20) ...
  #5 14.81 Selecting previously unselected package libjsoncpp25:amd64.
  #5 14.81 Preparing to unpack .../083-libjsoncpp25_1.9.5-3_amd64.deb ...
  #5 14.81 Unpacking libjsoncpp25:amd64 (1.9.5-3) ...
  #5 14.83 Selecting previously unselected package librhash0:amd64.
  #5 14.83 Preparing to unpack .../084-librhash0_1.4.2-1ubuntu1_amd64.deb ...
  #5 14.84 Unpacking librhash0:amd64 (1.4.2-1ubuntu1) ...
  #5 14.85 Selecting previously unselected package dh-elpa-helper.
  #5 14.85 Preparing to unpack .../085-dh-elpa-helper_2.0.9ubuntu1_all.deb ...
  #5 14.85 Unpacking dh-elpa-helper (2.0.9ubuntu1) ...
  #5 14.87 Selecting previously unselected package emacsen-common.
  #5 14.87 Preparing to unpack .../086-emacsen-common_3.0.4_all.deb ...
  #5 14.87 Unpacking emacsen-common (3.0.4) ...
  #5 14.89 Selecting previously unselected package cmake-data.
  #5 14.89 Preparing to unpack .../087-cmake-data_3.22.1-1ubuntu1.22.04.2_all.deb ...
  #5 14.89 Unpacking cmake-data (3.22.1-1ubuntu1.22.04.2) ...
  #5 15.16 Selecting previously unselected package cmake.
  #5 15.16 Preparing to unpack .../088-cmake_3.22.1-1ubuntu1.22.04.2_amd64.deb ...
  #5 15.16 Unpacking cmake (3.22.1-1ubuntu1.22.04.2) ...
  #5 15.24 Selecting previously unselected package curl.
  #5 15.24 Preparing to unpack .../089-curl_7.81.0-1ubuntu1.20_amd64.deb ...
  #5 15.24 Unpacking curl (7.81.0-1ubuntu1.20) ...
  #5 15.26 Selecting previously unselected package libassuan0:amd64.
  #5 15.26 Preparing to unpack .../090-libassuan0_2.5.5-1build1_amd64.deb ...
  #5 15.26 Unpacking libassuan0:amd64 (2.5.5-1build1) ...
  #5 15.27 Selecting previously unselected package gpgconf.
  #5 15.27 Preparing to unpack .../091-gpgconf_2.2.27-3ubuntu2.4_amd64.deb ...
  #5 15.27 Unpacking gpgconf (2.2.27-3ubuntu2.4) ...
  #5 15.29 Selecting previously unselected package libksba8:amd64.
  #5 15.29 Preparing to unpack .../092-libksba8_1.6.0-2ubuntu0.2_amd64.deb ...
  #5 15.29 Unpacking libksba8:amd64 (1.6.0-2ubuntu0.2) ...
  #5 15.30 Selecting previously unselected package libnpth0:amd64.
  #5 15.31 Preparing to unpack .../093-libnpth0_1.6-3build2_amd64.deb ...
  #5 15.31 Unpacking libnpth0:amd64 (1.6-3build2) ...
  #5 15.32 Selecting previously unselected package dirmngr.
  #5 15.32 Preparing to unpack .../094-dirmngr_2.2.27-3ubuntu2.4_amd64.deb ...
  #5 15.33 Unpacking dirmngr (2.2.27-3ubuntu2.4) ...
  #5 15.35 Selecting previously unselected package libpackagekit-glib2-18:amd64.
  #5 15.35 Preparing to unpack .../095-libpackagekit-glib2-18_1.2.5-2ubuntu3_amd64.deb ...
  #5 15.35 Unpacking libpackagekit-glib2-18:amd64 (1.2.5-2ubuntu3) ...
  #5 15.36 Selecting previously unselected package gir1.2-packagekitglib-1.0.
  #5 15.36 Preparing to unpack .../096-gir1.2-packagekitglib-1.0_1.2.5-2ubuntu3_amd64.deb ...
  #5 15.36 Unpacking gir1.2-packagekitglib-1.0 (1.2.5-2ubuntu3) ...
  #5 15.38 Selecting previously unselected package libcurl3-gnutls:amd64.
  #5 15.38 Preparing to unpack .../097-libcurl3-gnutls_7.81.0-1ubuntu1.20_amd64.deb ...
  #5 15.38 Unpacking libcurl3-gnutls:amd64 (7.81.0-1ubuntu1.20) ...
  #5 15.39 Selecting previously unselected package liberror-perl.
  #5 15.39 Preparing to unpack .../098-liberror-perl_0.17029-1_all.deb ...
  #5 15.39 Unpacking liberror-perl (0.17029-1) ...
  #5 15.41 Selecting previously unselected package git-man.
  #5 15.41 Preparing to unpack .../099-git-man_1%3a2.34.1-1ubuntu1.15_all.deb ...
  #5 15.41 Unpacking git-man (1:2.34.1-1ubuntu1.15) ...
  #5 15.43 Selecting previously unselected package git.
  #5 15.43 Preparing to unpack .../100-git_1%3a2.34.1-1ubuntu1.15_amd64.deb ...
  #5 15.43 Unpacking git (1:2.34.1-1ubuntu1.15) ...
  #5 15.52 Selecting previously unselected package gnupg-l10n.
  #5 15.52 Preparing to unpack .../101-gnupg-l10n_2.2.27-3ubuntu2.4_all.deb ...
  #5 15.52 Unpacking gnupg-l10n (2.2.27-3ubuntu2.4) ...
  #5 15.54 Selecting previously unselected package gnupg-utils.
  #5 15.54 Preparing to unpack .../102-gnupg-utils_2.2.27-3ubuntu2.4_amd64.deb ...
  #5 15.54 Unpacking gnupg-utils (2.2.27-3ubuntu2.4) ...
  #5 15.55 Selecting previously unselected package gpg.
  #5 15.55 Preparing to unpack .../103-gpg_2.2.27-3ubuntu2.4_amd64.deb ...
  #5 15.55 Unpacking gpg (2.2.27-3ubuntu2.4) ...
  #5 15.57 Selecting previously unselected package pinentry-curses.
  #5 15.57 Preparing to unpack .../104-pinentry-curses_1.1.1-1build2_amd64.deb ...
  #5 15.57 Unpacking pinentry-curses (1.1.1-1build2) ...
  #5 15.59 Selecting previously unselected package gpg-agent.
  #5 15.59 Preparing to unpack .../105-gpg-agent_2.2.27-3ubuntu2.4_amd64.deb ...
  #5 15.59 Unpacking gpg-agent (2.2.27-3ubuntu2.4) ...
  #5 15.60 Selecting previously unselected package gpg-wks-client.
  #5 15.61 Preparing to unpack .../106-gpg-wks-client_2.2.27-3ubuntu2.4_amd64.deb ...
  #5 15.61 Unpacking gpg-wks-client (2.2.27-3ubuntu2.4) ...
  #5 15.62 Selecting previously unselected package gpg-wks-server.
  #5 15.62 Preparing to unpack .../107-gpg-wks-server_2.2.27-3ubuntu2.4_amd64.deb ...
  #5 15.62 Unpacking gpg-wks-server (2.2.27-3ubuntu2.4) ...
  #5 15.63 Selecting previously unselected package gpgsm.
  #5 15.64 Preparing to unpack .../108-gpgsm_2.2.27-3ubuntu2.4_amd64.deb ...
  #5 15.64 Unpacking gpgsm (2.2.27-3ubuntu2.4) ...
  #5 15.65 Selecting previously unselected package gnupg.
  #5 15.65 Preparing to unpack .../109-gnupg_2.2.27-3ubuntu2.4_all.deb ...
  #5 15.65 Unpacking gnupg (2.2.27-3ubuntu2.4) ...
  #5 15.67 Selecting previously unselected package libstemmer0d:amd64.
  #5 15.67 Preparing to unpack .../110-libstemmer0d_2.2.0-1build1_amd64.deb ...
  #5 15.67 Unpacking libstemmer0d:amd64 (2.2.0-1build1) ...
  #5 15.68 Selecting previously unselected package libxmlb2:amd64.
  #5 15.68 Preparing to unpack .../111-libxmlb2_0.3.6-2build1_amd64.deb ...
  #5 15.68 Unpacking libxmlb2:amd64 (0.3.6-2build1) ...
  #5 15.70 Selecting previously unselected package libappstream4:amd64.
  #5 15.70 Preparing to unpack .../112-libappstream4_0.15.2-2_amd64.deb ...
  #5 15.70 Unpacking libappstream4:amd64 (0.15.2-2) ...
  #5 15.72 Selecting previously unselected package libdw1:amd64.
  #5 15.72 Preparing to unpack .../113-libdw1_0.186-1ubuntu0.1_amd64.deb ...
  #5 15.72 Unpacking libdw1:amd64 (0.186-1ubuntu0.1) ...
  #5 15.73 Selecting previously unselected package libglib2.0-bin.
  #5 15.73 Preparing to unpack .../114-libglib2.0-bin_2.72.4-0ubuntu2.6_amd64.deb ...
  #5 15.73 Unpacking libglib2.0-bin (2.72.4-0ubuntu2.6) ...
  #5 15.75 Selecting previously unselected package libunwind8:amd64.
  #5 15.75 Preparing to unpack .../115-libunwind8_1.3.2-2build2.1_amd64.deb ...
  #5 15.75 Unpacking libunwind8:amd64 (1.3.2-2build2.1) ...
  #5 15.76 Selecting previously unselected package libgstreamer1.0-0:amd64.
  #5 15.76 Preparing to unpack .../116-libgstreamer1.0-0_1.20.3-0ubuntu1.1_amd64.deb ...
  #5 15.76 Unpacking libgstreamer1.0-0:amd64 (1.20.3-0ubuntu1.1) ...
  #5 15.79 Selecting previously unselected package libpolkit-gobject-1-0:amd64.
  #5 15.79 Preparing to unpack .../117-libpolkit-gobject-1-0_0.105-33_amd64.deb ...
  #5 15.79 Unpacking libpolkit-gobject-1-0:amd64 (0.105-33) ...
  #5 15.81 Selecting previously unselected package libpolkit-agent-1-0:amd64.
  #5 15.81 Preparing to unpack .../118-libpolkit-agent-1-0_0.105-33_amd64.deb ...
  #5 15.81 Unpacking libpolkit-agent-1-0:amd64 (0.105-33) ...
  #5 15.82 Selecting previously unselected package ninja-build.
  #5 15.82 Preparing to unpack .../119-ninja-build_1.10.1-1_amd64.deb ...
  #5 15.82 Unpacking ninja-build (1.10.1-1) ...
  #5 15.85 Selecting previously unselected package polkitd.
  #5 15.85 Preparing to unpack .../120-polkitd_0.105-33_amd64.deb ...
  #5 15.85 Unpacking polkitd (0.105-33) ...
  #5 15.86 Selecting previously unselected package pkexec.
  #5 15.87 Preparing to unpack .../121-pkexec_0.105-33_amd64.deb ...
  #5 15.87 Unpacking pkexec (0.105-33) ...
  #5 15.88 Selecting previously unselected package policykit-1.
  #5 15.88 Preparing to unpack .../122-policykit-1_0.105-33_amd64.deb ...
  #5 15.89 Unpacking policykit-1 (0.105-33) ...
  #5 15.90 Selecting previously unselected package python3-blinker.
  #5 15.90 Preparing to unpack .../123-python3-blinker_1.4+dfsg1-0.4_all.deb ...
  #5 15.90 Unpacking python3-blinker (1.4+dfsg1-0.4) ...
  #5 15.91 Selecting previously unselected package python3-cffi-backend:amd64.
  #5 15.91 Preparing to unpack .../124-python3-cffi-backend_1.15.0-1build2_amd64.deb ...
  #5 15.91 Unpacking python3-cffi-backend:amd64 (1.15.0-1build2) ...
  #5 15.92 Selecting previously unselected package python3-cryptography.
  #5 15.93 Preparing to unpack .../125-python3-cryptography_3.4.8-1ubuntu2.2_amd64.deb ...
  #5 15.93 Unpacking python3-cryptography (3.4.8-1ubuntu2.2) ...
  #5 15.95 Selecting previously unselected package python3-lib2to3.
  #5 15.95 Preparing to unpack .../126-python3-lib2to3_3.10.8-1~22.04_all.deb ...
  #5 15.95 Unpacking python3-lib2to3 (3.10.8-1~22.04) ...
  #5 15.97 Selecting previously unselected package python3-distutils.
  #5 15.98 Preparing to unpack .../127-python3-distutils_3.10.8-1~22.04_all.deb ...
  #5 15.98 Unpacking python3-distutils (3.10.8-1~22.04) ...
  #5 16.00 Selecting previously unselected package python3-pyparsing.
  #5 16.00 Preparing to unpack .../128-python3-pyparsing_2.4.7-1_all.deb ...
  #5 16.01 Unpacking python3-pyparsing (2.4.7-1) ...
  #5 16.02 Selecting previously unselected package python3-httplib2.
  #5 16.02 Preparing to unpack .../129-python3-httplib2_0.20.2-2_all.deb ...
  #5 16.03 Unpacking python3-httplib2 (0.20.2-2) ...
  #5 16.04 Selecting previously unselected package python3-more-itertools.
  #5 16.04 Preparing to unpack .../130-python3-more-itertools_8.10.0-2_all.deb ...
  #5 16.04 Unpacking python3-more-itertools (8.10.0-2) ...
  #5 16.06 Selecting previously unselected package python3-zipp.
  #5 16.06 Preparing to unpack .../131-python3-zipp_1.0.0-3ubuntu0.1_all.deb ...
  #5 16.06 Unpacking python3-zipp (1.0.0-3ubuntu0.1) ...
  #5 16.08 Selecting previously unselected package python3-importlib-metadata.
  #5 16.08 Preparing to unpack .../132-python3-importlib-metadata_4.6.4-1_all.deb ...
  #5 16.08 Unpacking python3-importlib-metadata (4.6.4-1) ...
  #5 16.09 Selecting previously unselected package python3-jeepney.
  #5 16.09 Preparing to unpack .../133-python3-jeepney_0.7.1-3_all.deb ...
  #5 16.09 Unpacking python3-jeepney (0.7.1-3) ...
  #5 16.11 Selecting previously unselected package python3-jwt.
  #5 16.11 Preparing to unpack .../134-python3-jwt_2.3.0-1ubuntu0.2_all.deb ...
  #5 16.11 Unpacking python3-jwt (2.3.0-1ubuntu0.2) ...
  #5 16.12 Selecting previously unselected package python3-secretstorage.
  #5 16.12 Preparing to unpack .../135-python3-secretstorage_3.3.1-1_all.deb ...
  #5 16.13 Unpacking python3-secretstorage (3.3.1-1) ...
  #5 16.14 Selecting previously unselected package python3-keyring.
  #5 16.14 Preparing to unpack .../136-python3-keyring_23.5.0-1_all.deb ...
  #5 16.14 Unpacking python3-keyring (23.5.0-1) ...
  #5 16.16 Selecting previously unselected package python3-lazr.uri.
  #5 16.16 Preparing to unpack .../137-python3-lazr.uri_1.0.6-2_all.deb ...
  #5 16.16 Unpacking python3-lazr.uri (1.0.6-2) ...
  #5 16.17 Selecting previously unselected package python3-wadllib.
  #5 16.17 Preparing to unpack .../138-python3-wadllib_1.3.6-1_all.deb ...
  #5 16.17 Unpacking python3-wadllib (1.3.6-1) ...
  #5 16.18 Selecting previously unselected package python3-distro.
  #5 16.19 Preparing to unpack .../139-python3-distro_1.7.0-1_all.deb ...
  #5 16.19 Unpacking python3-distro (1.7.0-1) ...
  #5 16.20 Selecting previously unselected package python3-oauthlib.
  #5 16.20 Preparing to unpack .../140-python3-oauthlib_3.2.0-1ubuntu0.1_all.deb ...
  #5 16.20 Unpacking python3-oauthlib (3.2.0-1ubuntu0.1) ...
  #5 16.22 Selecting previously unselected package python3-six.
  #5 16.22 Preparing to unpack .../141-python3-six_1.16.0-3ubuntu1_all.deb ...
  #5 16.22 Unpacking python3-six (1.16.0-3ubuntu1) ...
  #5 16.24 Selecting previously unselected package python3-lazr.restfulclient.
  #5 16.24 Preparing to unpack .../142-python3-lazr.restfulclient_0.14.4-1_all.deb ...
  #5 16.24 Unpacking python3-lazr.restfulclient (0.14.4-1) ...
  #5 16.25 Selecting previously unselected package python3-launchpadlib.
  #5 16.25 Preparing to unpack .../143-python3-launchpadlib_1.10.16-1_all.deb ...
  #5 16.26 Unpacking python3-launchpadlib (1.10.16-1) ...
  #5 16.28 Selecting previously unselected package python3-setuptools.
  #5 16.28 Preparing to unpack .../144-python3-setuptools_59.6.0-1.2ubuntu0.22.04.3_all.deb ...
  #5 16.28 Unpacking python3-setuptools (59.6.0-1.2ubuntu0.22.04.3) ...
  #5 16.30 Selecting previously unselected package python3-wheel.
  #5 16.30 Preparing to unpack .../145-python3-wheel_0.37.1-2ubuntu0.22.04.1_all.deb ...
  #5 16.30 Unpacking python3-wheel (0.37.1-2ubuntu0.22.04.1) ...
  #5 16.32 Selecting previously unselected package python3-pip.
  #5 16.32 Preparing to unpack .../146-python3-pip_22.0.2+dfsg-1ubuntu0.6_all.deb ...
  #5 16.32 Unpacking python3-pip (22.0.2+dfsg-1ubuntu0.6) ...
  #5 16.40 Selecting previously unselected package python3-software-properties.
  #5 16.40 Preparing to unpack .../147-python3-software-properties_0.99.22.9_all.deb ...
  #5 16.40 Unpacking python3-software-properties (0.99.22.9) ...
  #5 16.41 Selecting previously unselected package packagekit.
  #5 16.41 Preparing to unpack .../148-packagekit_1.2.5-2ubuntu3_amd64.deb ...
  #5 16.41 Unpacking packagekit (1.2.5-2ubuntu3) ...
  #5 16.43 Selecting previously unselected package software-properties-common.
  #5 16.43 Preparing to unpack .../149-software-properties-common_0.99.22.9_all.deb ...
  #5 16.44 Unpacking software-properties-common (0.99.22.9) ...
  #5 16.46 Setting up libksba8:amd64 (1.6.0-2ubuntu0.2) ...
  #5 16.47 Setting up media-types (7.0.0) ...
  #5 16.47 Setting up gcc-11-base:amd64 (11.4.0-1ubuntu1~22.04.2) ...
  #5 16.47 Setting up systemd-sysv (249.11-0ubuntu3.16) ...
  #5 16.47 Setting up lto-disabled-list (24) ...
  #5 16.48 Setting up libpsl5:amd64 (0.21.0-1.2build2) ...
  #5 16.48 Setting up wget (1.21.2-2ubuntu1.1) ...
  #5 16.48 Setting up libyaml-0-2:amd64 (0.2.2-1build2) ...
  #5 16.48 Setting up libglib2.0-0:amd64 (2.72.4-0ubuntu2.6) ...
  #5 16.49 No schema files found: doing nothing.
  #5 16.49 Setting up distro-info-data (0.52ubuntu0.9) ...
  #5 16.49 Setting up libxmlb2:amd64 (0.3.6-2build1) ...
  #5 16.49 Setting up libbrotli1:amd64 (1.0.9-2build6) ...
  #5 16.50 Setting up libsqlite3-0:amd64 (3.37.2-2ubuntu0.5) ...
  #5 16.50 Setting up binutils-common:amd64 (2.38-4ubuntu2.8) ...
  #5 16.50 Setting up libnghttp2-14:amd64 (1.43.0-1ubuntu0.2) ...
  #5 16.50 Setting up linux-libc-dev:amd64 (5.15.0-153.163) ...
  #5 16.50 Setting up libctf-nobfd0:amd64 (2.38-4ubuntu2.8) ...
  #5 16.50 Setting up libpackagekit-glib2-18:amd64 (1.2.5-2ubuntu3) ...
  #5 16.51 Setting up libnpth0:amd64 (1.6-3build2) ...
  #5 16.51 Setting up libassuan0:amd64 (2.5.5-1build1) ...
  #5 16.51 Setting up libgomp1:amd64 (12.3.0-1ubuntu1~22.04.2) ...
  #5 16.51 Setting up perl-modules-5.34 (5.34.0-3ubuntu1.5) ...
  #5 16.51 Setting up bzip2 (1.0.8-5build1) ...
  #5 16.52 Setting up locales (2.35-0ubuntu3.10) ...
  #5 16.90 Generating locales (this might take a while)...
  #5 16.91 Generation complete.
  #5 16.93 Setting up libunwind8:amd64 (1.3.2-2build2.1) ...
  #5 16.94 Setting up ninja-build (1.10.1-1) ...
  #5 16.94 Setting up libasan6:amd64 (11.4.0-1ubuntu1~22.04.2) ...
  #5 16.94 Setting up libsasl2-modules-db:amd64 (2.1.27+dfsg2-3ubuntu1.2) ...
  #5 16.94 Setting up libcap2-bin (1:2.44-1ubuntu0.22.04.2) ...
  #5 16.94 Setting up libglib2.0-data (2.72.4-0ubuntu2.6) ...
  #5 16.94 Setting up libtirpc-dev:amd64 (1.3.2-2ubuntu0.1) ...
  #5 16.95 Setting up libuv1:amd64 (1.43.0-1ubuntu0.1) ...
  #5 16.95 Setting up rpcsvc-proto (1.4.2-0ubuntu6) ...
  #5 16.95 Setting up emacsen-common (3.0.4) ...
  #5 16.98 Setting up make (4.3-4.1build1) ...
  #5 16.98 Setting up libmpfr6:amd64 (4.1.0-3build3) ...
  #5 16.98 Setting up gnupg-l10n (2.2.27-3ubuntu2.4) ...
  #5 16.98 Setting up librtmp1:amd64 (2.4+20151223.gitfa8646d.1-2build4) ...
  #5 16.98 Setting up dh-elpa-helper (2.0.9ubuntu1) ...
  #5 16.99 Setting up libdbus-1-3:amd64 (1.12.20-2ubuntu4.1) ...
  #5 16.99 Setting up dbus (1.12.20-2ubuntu4.1) ...
  #5 17.06 Setting up xz-utils (5.2.5-2ubuntu1) ...
  #5 17.06 update-alternatives: using /usr/bin/xz to provide /usr/bin/lzma (lzma) in auto mode
  #5 17.06 update-alternatives: warning: skip creation of /usr/share/man/man1/lzma.1.gz because associated file /usr/share/man/man1/xz.1.gz (of link group lzma) doesn't exist
  #5 17.06 update-alternatives: warning: skip creation of /usr/share/man/man1/unlzma.1.gz because associated file /usr/share/man/man1/unxz.1.gz (of link group lzma) doesn't exist
  #5 17.06 update-alternatives: warning: skip creation of /usr/share/man/man1/lzcat.1.gz because associated file /usr/share/man/man1/xzcat.1.gz (of link group lzma) doesn't exist
  #5 17.06 update-alternatives: warning: skip creation of /usr/share/man/man1/lzmore.1.gz because associated file /usr/share/man/man1/xzmore.1.gz (of link group lzma) doesn't exist
  #5 17.06 update-alternatives: warning: skip creation of /usr/share/man/man1/lzless.1.gz because associated file /usr/share/man/man1/xzless.1.gz (of link group lzma) doesn't exist
  #5 17.06 update-alternatives: warning: skip creation of /usr/share/man/man1/lzdiff.1.gz because associated file /usr/share/man/man1/xzdiff.1.gz (of link group lzma) doesn't exist
  #5 17.06 update-alternatives: warning: skip creation of /usr/share/man/man1/lzcmp.1.gz because associated file /usr/share/man/man1/xzcmp.1.gz (of link group lzma) doesn't exist
  #5 17.06 update-alternatives: warning: skip creation of /usr/share/man/man1/lzgrep.1.gz because associated file /usr/share/man/man1/xzgrep.1.gz (of link group lzma) doesn't exist
  #5 17.06 update-alternatives: warning: skip creation of /usr/share/man/man1/lzegrep.1.gz because associated file /usr/share/man/man1/xzegrep.1.gz (of link group lzma) doesn't exist
  #5 17.06 update-alternatives: warning: skip creation of /usr/share/man/man1/lzfgrep.1.gz because associated file /usr/share/man/man1/xzfgrep.1.gz (of link group lzma) doesn't exist
  #5 17.06 Setting up libquadmath0:amd64 (12.3.0-1ubuntu1~22.04.2) ...
  #5 17.07 Setting up libmpc3:amd64 (1.2.1-2build1) ...
  #5 17.07 Setting up libatomic1:amd64 (12.3.0-1ubuntu1~22.04.2) ...
  #5 17.07 Setting up patch (2.7.6-7build2) ...
  #5 17.07 Setting up libjsoncpp25:amd64 (1.9.5-3) ...
  #5 17.07 Setting up libsasl2-2:amd64 (2.1.27+dfsg2-3ubuntu1.2) ...
  #5 17.08 Setting up libssh-4:amd64 (0.9.6-2ubuntu0.22.04.4) ...
  #5 17.08 Setting up libubsan1:amd64 (12.3.0-1ubuntu1~22.04.2) ...
  #5 17.08 Setting up python-apt-common (2.4.0ubuntu4) ...
  #5 17.08 Setting up libnsl-dev:amd64 (1.3.0-2build2) ...
  #5 17.08 Setting up librhash0:amd64 (1.4.2-1ubuntu1) ...
  #5 17.09 Setting up libcrypt-dev:amd64 (1:4.4.27-1) ...
  #5 17.09 Setting up libmpdec3:amd64 (2.5.1-2build2) ...
  #5 17.09 Setting up libpam-systemd:amd64 (249.11-0ubuntu3.16) ...
  #5 17.18 Setting up git-man (1:2.34.1-1ubuntu1.15) ...
  #5 17.18 Setting up libgirepository-1.0-1:amd64 (1.72.0-1) ...
  #5 17.18 Setting up cmake-data (3.22.1-1ubuntu1.22.04.2) ...
  #5 17.22 Setting up libstemmer0d:amd64 (2.2.0-1build1) ...
  #5 17.22 Setting up libbinutils:amd64 (2.38-4ubuntu2.8) ...
  #5 17.22 Setting up libisl23:amd64 (0.24-2build1) ...
  #5 17.22 Setting up libc-dev-bin (2.35-0ubuntu3.10) ...
  #5 17.22 Setting up openssl (3.0.2-0ubuntu1.19) ...
  #5 17.23 Setting up libelf1:amd64 (0.186-1ubuntu0.1) ...
  #5 17.23 Setting up readline-common (8.1.2-1) ...
  #5 17.23 Setting up libcc1-0:amd64 (12.3.0-1ubuntu1~22.04.2) ...
  #5 17.23 Setting up iso-codes (4.9.0-1) ...
  #5 17.24 Setting up libpolkit-gobject-1-0:amd64 (0.105-33) ...
  #5 17.24 Setting up liblsan0:amd64 (12.3.0-1ubuntu1~22.04.2) ...
  #5 17.24 Setting up libitm1:amd64 (12.3.0-1ubuntu1~22.04.2) ...
  #5 17.24 Setting up libgdbm6:amd64 (1.23-1) ...
  #5 17.24 Setting up libicu70:amd64 (70.1-2) ...
  #5 17.25 Setting up libtsan0:amd64 (11.4.0-1ubuntu1~22.04.2) ...
  #5 17.25 Setting up libctf0:amd64 (2.38-4ubuntu2.8) ...
  #5 17.25 Setting up pinentry-curses (1.1.1-1build2) ...
  #5 17.25 Setting up cpp-11 (11.4.0-1ubuntu1~22.04.2) ...
  #5 17.26 Setting up libdw1:amd64 (0.186-1ubuntu0.1) ...
  #5 17.26 Setting up libreadline8:amd64 (8.1.2-1) ...
  #5 17.26 Setting up libglib2.0-bin (2.72.4-0ubuntu2.6) ...
  #5 17.26 Setting up libldap-2.5-0:amd64 (2.5.19+dfsg-0ubuntu0.22.04.1) ...
  #5 17.26 Setting up libpython3.10-stdlib:amd64 (3.10.12-1~22.04.11) ...
  #5 17.27 Setting up ca-certificates (20240203~22.04.1) ...
  #5 17.63 Updating certificates in /etc/ssl/certs...
  #5 18.08 146 added, 0 removed; done.
  #5 18.10 Setting up libgdbm-compat4:amd64 (1.23-1) ...
  #5 18.10 Setting up gir1.2-glib-2.0:amd64 (1.72.0-1) ...
  #5 18.10 Setting up libgcc-11-dev:amd64 (11.4.0-1ubuntu1~22.04.2) ...
  #5 18.10 Setting up cpp (4:11.2.0-1ubuntu1) ...
  #5 18.11 Setting up gpgconf (2.2.27-3ubuntu2.4) ...
  #5 18.11 Setting up libcurl4:amd64 (7.81.0-1ubuntu1.20) ...
  #5 18.11 Setting up libpolkit-agent-1-0:amd64 (0.105-33) ...
  #5 18.11 Setting up libc6-dev:amd64 (2.35-0ubuntu3.10) ...
  #5 18.11 Setting up curl (7.81.0-1ubuntu1.20) ...
  #5 18.12 Setting up libxml2:amd64 (2.9.13+dfsg-1ubuntu0.8) ...
  #5 18.12 Setting up polkitd (0.105-33) ...
  #5 18.13 Setting up gpg (2.2.27-3ubuntu2.4) ...
  #5 18.13 Setting up libgstreamer1.0-0:amd64 (1.20.3-0ubuntu1.1) ...
  #5 18.13 Setcap worked! gst-ptp-helper is not suid!
  #5 18.13 Setting up libpython3-stdlib:amd64 (3.10.6-1~22.04.1) ...
  #5 18.14 Setting up gnupg-utils (2.2.27-3ubuntu2.4) ...
  #5 18.14 Setting up binutils-x86-64-linux-gnu (2.38-4ubuntu2.8) ...
  #5 18.14 Setting up libperl5.34:amd64 (5.34.0-3ubuntu1.5) ...
  #5 18.14 Setting up gpg-agent (2.2.27-3ubuntu2.4) ...
  #5 18.26 Created symlink /etc/systemd/user/sockets.target.wants/gpg-agent-browser.socket â†’ /usr/lib/systemd/user/gpg-agent-browser.socket.
  #5 18.37 Created symlink /etc/systemd/user/sockets.target.wants/gpg-agent-extra.socket â†’ /usr/lib/systemd/user/gpg-agent-extra.socket.
  #5 18.47 Created symlink /etc/systemd/user/sockets.target.wants/gpg-agent-ssh.socket â†’ /usr/lib/systemd/user/gpg-agent-ssh.socket.
  #5 18.58 Created symlink /etc/systemd/user/sockets.target.wants/gpg-agent.socket â†’ /usr/lib/systemd/user/gpg-agent.socket.
  #5 18.58 Setting up python3.10 (3.10.12-1~22.04.11) ...
  #5 19.18 Setting up libarchive13:amd64 (3.6.0-1ubuntu1.5) ...
  #5 19.18 Setting up gpgsm (2.2.27-3ubuntu2.4) ...
  #5 19.19 Setting up pkexec (0.105-33) ...
  #5 19.19 Setting up libcurl3-gnutls:amd64 (7.81.0-1ubuntu1.20) ...
  #5 19.19 Setting up python3 (3.10.6-1~22.04.1) ...
  #5 19.28 Setting up binutils (2.38-4ubuntu2.8) ...
  #5 19.28 Setting up libappstream4:amd64 (0.15.2-2) ...
  #5 19.28 Setting up python3-six (1.16.0-3ubuntu1) ...
  #5 19.39 Setting up dirmngr (2.2.27-3ubuntu2.4) ...
  #5 19.50 Created symlink /etc/systemd/user/sockets.target.wants/dirmngr.socket â†’ /usr/lib/systemd/user/dirmngr.socket.
  #5 19.51 Setting up gir1.2-packagekitglib-1.0 (1.2.5-2ubuntu3) ...
  #5 19.52 Setting up perl (5.34.0-3ubuntu1.5) ...
  #5 19.52 Setting up python3-pyparsing (2.4.7-1) ...
  #5 19.66 Setting up python3-gi (3.42.1-0ubuntu1) ...
  #5 19.81 Setting up libdpkg-perl (1.21.1ubuntu2.3) ...
  #5 19.81 Setting up python3-jeepney (0.7.1-3) ...
  #5 19.94 Setting up libstdc++-11-dev:amd64 (11.4.0-1ubuntu1~22.04.2) ...
  #5 19.94 Setting up gpg-wks-server (2.2.27-3ubuntu2.4) ...
  #5 19.94 Setting up gcc-11 (11.4.0-1ubuntu1~22.04.2) ...
  #5 19.94 Setting up python3-httplib2 (0.20.2-2) ...
  #5 20.06 Setting up cmake (3.22.1-1ubuntu1.22.04.2) ...
  #5 20.06 Setting up lsb-release (11.1.0ubuntu4) ...
  #5 20.07 Setting up python3-lib2to3 (3.10.8-1~22.04) ...
  #5 20.15 Setting up policykit-1 (0.105-33) ...
  #5 20.16 Setting up python3-cffi-backend:amd64 (1.15.0-1build2) ...
  #5 20.16 Setting up python3-blinker (1.4+dfsg1-0.4) ...
  #5 20.26 Setting up python3-pkg-resources (59.6.0-1.2ubuntu0.22.04.3) ...
  #5 20.43 Setting up python3-distutils (3.10.8-1~22.04) ...
  #5 20.54 Setting up python3-more-itertools (8.10.0-2) ...
  #5 20.66 Setting up python3-dbus (1.2.18-3build1) ...
  #5 20.77 Setting up python3-setuptools (59.6.0-1.2ubuntu0.22.04.3) ...
  #5 21.07 Setting up python3-distro (1.7.0-1) ...
  #5 21.18 Setting up gpg-wks-client (2.2.27-3ubuntu2.4) ...
  #5 21.18 Setting up python3-jwt (2.3.0-1ubuntu0.2) ...
  #5 21.29 Setting up g++-11 (11.4.0-1ubuntu1~22.04.2) ...
  #5 21.29 Setting up python3-apt (2.4.0ubuntu4) ...
  #5 21.42 Setting up python3-lazr.uri (1.0.6-2) ...
  #5 21.52 Setting up python3-zipp (1.0.0-3ubuntu0.1) ...
  #5 21.62 Setting up python3-wheel (0.37.1-2ubuntu0.22.04.1) ...
  #5 21.73 Setting up gcc (4:11.2.0-1ubuntu1) ...
  #5 21.74 Setting up dpkg-dev (1.21.1ubuntu2.3) ...
  #5 21.74 Setting up liberror-perl (0.17029-1) ...
  #5 21.75 Setting up python3-cryptography (3.4.8-1ubuntu2.2) ...
  #5 21.95 Setting up python3-wadllib (1.3.6-1) ...
  #5 22.06 Setting up git (1:2.34.1-1ubuntu1.15) ...
  #5 22.07 Setting up python3-pip (22.0.2+dfsg-1ubuntu0.6) ...
  #5 23.02 Setting up g++ (4:11.2.0-1ubuntu1) ...
  #5 23.03 update-alternatives: using /usr/bin/g++ to provide /usr/bin/c++ (c++) in auto mode
  #5 23.04 update-alternatives: warning: skip creation of /usr/share/man/man1/c++.1.gz because associated file /usr/share/man/man1/g++.1.gz (of link group c++) doesn't exist
  #5 23.04 Setting up gnupg (2.2.27-3ubuntu2.4) ...
  #5 23.04 Setting up build-essential (12.9ubuntu3) ...
  #5 23.04 Setting up packagekit (1.2.5-2ubuntu3) ...
  #5 23.05 invoke-rc.d: could not determine current runlevel
  #5 23.05 invoke-rc.d: policy-rc.d denied execution of force-reload.
  #5 23.05 Failed to open connection to "system" message bus: Failed to connect to socket /run/dbus/system_bus_socket: No such file or directory
  #5 23.16 Created symlink /etc/systemd/user/sockets.target.wants/pk-debconf-helper.socket â†’ /usr/lib/systemd/user/pk-debconf-helper.socket.
  #5 23.16 Setting up python3-importlib-metadata (4.6.4-1) ...
  #5 23.27 Setting up python3-oauthlib (3.2.0-1ubuntu0.1) ...
  #5 23.43 Setting up python3-secretstorage (3.3.1-1) ...
  #5 23.53 Setting up python3-keyring (23.5.0-1) ...
  #5 23.65 Setting up python3-lazr.restfulclient (0.14.4-1) ...
  #5 23.76 Setting up python3-launchpadlib (1.10.16-1) ...
  #5 23.88 Setting up python3-software-properties (0.99.22.9) ...
  #5 24.00 Setting up software-properties-common (0.99.22.9) ...
  #5 24.10 Processing triggers for libc-bin (2.35-0ubuntu3.10) ...
  #5 24.11 Processing triggers for ca-certificates (20240203~22.04.1) ...
  #5 24.12 Updating certificates in /etc/ssl/certs...
  #5 24.46 0 added, 0 removed; done.
  #5 24.46 Running hooks in /etc/ca-certificates/update.d...
  #5 24.46 done.
  #5 24.47 Processing triggers for dbus (1.12.20-2ubuntu4.1) ...
  #5 24.52 update-alternatives: using /usr/bin/gcc-11 to provide /usr/bin/gcc (gcc) in auto mode
  #5 24.52 update-alternatives: using /usr/bin/g++-11 to provide /usr/bin/g++ (g++) in auto mode
  #5 24.52 --2025-08-27 20:38:33--  https://apt.llvm.org/llvm-snapshot.gpg.key
  #5 24.53 Resolving apt.llvm.org (apt.llvm.org)... 199.232.194.49, 199.232.198.49, 2a04:4e42:4c::561, ...
  #5 24.55 Connecting to apt.llvm.org (apt.llvm.org)|199.232.194.49|:443... connected.
  #5 24.56 HTTP request sent, awaiting response... 200 OK
  #5 24.57 Length: 3145 (3.1K) [application/octet-stream]
  #5 24.57 Saving to: 'STDOUT'
  #5 24.57 
  #5 24.57      0K ...                                                   100% 33.5M=0s
  #5 24.57 
  #5 24.57 2025-08-27 20:38:33 (33.5 MB/s) - written to stdout [3145/3145]
  #5 24.57 
  #5 24.57 Warning: apt-key is deprecated. Manage keyring files in trusted.gpg.d instead (see apt-key(8)).
  #5 24.66 OK
  #5 24.78 Hit:2 http://archive.ubuntu.com/ubuntu jammy InRelease
  #5 24.80 Hit:3 http://archive.ubuntu.com/ubuntu jammy-updates InRelease
  #5 24.80 Get:1 https://apt.llvm.org/jammy llvm-toolchain-jammy-18 InRelease [6833 B]
  #5 24.82 Hit:4 http://archive.ubuntu.com/ubuntu jammy-backports InRelease
  #5 24.91 Hit:5 http://security.ubuntu.com/ubuntu jammy-security InRelease
  #5 25.03 Get:6 https://apt.llvm.org/jammy llvm-toolchain-jammy-18/main amd64 Packages [12.6 kB]
  #5 25.17 Fetched 19.4 kB in 0s (42.3 kB/s)
  #5 25.17 Reading package lists...
  #5 26.20 W: http://apt.llvm.org/jammy/dists/llvm-toolchain-jammy-18/InRelease: Key is stored in legacy trusted.gpg keyring (/etc/apt/trusted.gpg), see the DEPRECATION section in apt-key(8) for details.
  #5 26.24 Reading package lists...
  #5 27.22 Building dependency tree...
  #5 27.39 Reading state information...
  #5 27.55 The following additional packages will be installed:
  #5 27.55   clang-tools-18 icu-devtools lib32gcc-s1 lib32stdc++6 libbsd0 libc6-i386
  #5 27.55   libclang-common-18-dev libclang-cpp18 libclang-rt-18-dev libclang1-18
  #5 27.55   libedit2 libffi-dev libgc1 libicu-dev libllvm18 libmd0 libncurses-dev
  #5 27.55   libobjc-11-dev libobjc4 libpfm4 libxml2-dev libz3-4 libz3-dev llvm-18
  #5 27.55   llvm-18-dev llvm-18-linker-tools llvm-18-runtime llvm-18-tools
  #5 27.55   python3-pygments python3-yaml
  #5 27.55 Suggested packages:
  #5 27.55   clang-18-doc wasi-libc icu-doc ncurses-doc pkg-config llvm-18-doc
  #5 27.55   python-pygments-doc ttf-bitstream-vera
  #5 27.63 The following NEW packages will be installed:
  #5 27.63   clang-18 clang-tidy-18 clang-tools-18 icu-devtools lib32gcc-s1 lib32stdc++6
  #5 27.63   libbsd0 libc6-i386 libclang-common-18-dev libclang-cpp18 libclang-rt-18-dev
  #5 27.63   libclang1-18 libedit2 libffi-dev libgc1 libicu-dev libllvm18 libmd0
  #5 27.63   libncurses-dev libobjc-11-dev libobjc4 libpfm4 libxml2-dev libz3-4 libz3-dev
  #5 27.63   llvm-18 llvm-18-dev llvm-18-linker-tools llvm-18-runtime llvm-18-tools
  #5 27.63   python3-pygments python3-yaml
  #5 27.77 0 upgraded, 32 newly installed, 0 to remove and 0 not upgraded.
  #5 27.77 Need to get 167 MB of archives.
  #5 27.77 After this operation, 916 MB of additional disk space will be used.
  #5 27.77 Get:1 https://apt.llvm.org/jammy llvm-toolchain-jammy-18/main amd64 libllvm18 amd64 1:18.1.8~++20240731024944+3b5b5c1ec4a3-1~exp1~20240731145000.144 [27.6 MB]
  #5 27.82 Get:8 http://archive.ubuntu.com/ubuntu jammy/main amd64 libmd0 amd64 1.0.4-1build1 [23.0 kB]
  #5 28.00 Get:15 http://archive.ubuntu.com/ubuntu jammy/main amd64 libbsd0 amd64 0.11.5-1 [44.8 kB]
  #5 28.09 Get:16 http://archive.ubuntu.com/ubuntu jammy/main amd64 python3-yaml amd64 5.4.1-1ubuntu1 [129 kB]
  #5 28.23 Get:17 http://archive.ubuntu.com/ubuntu jammy/main amd64 libedit2 amd64 3.1-20210910-1build1 [96.8 kB]
  #5 28.29 Get:18 http://archive.ubuntu.com/ubuntu jammy/main amd64 libgc1 amd64 1:8.0.6-1.1build1 [96.8 kB]
  #5 28.32 Get:19 http://archive.ubuntu.com/ubuntu jammy-updates/universe amd64 libobjc4 amd64 12.3.0-1ubuntu1~22.04.2 [48.7 kB]
  #5 28.34 Get:20 http://archive.ubuntu.com/ubuntu jammy-updates/universe amd64 libobjc-11-dev amd64 11.4.0-1ubuntu1~22.04.2 [196 kB]
  #5 28.38 Get:21 http://archive.ubuntu.com/ubuntu jammy/main amd64 icu-devtools amd64 70.1-2 [197 kB]
  #5 28.42 Get:22 http://archive.ubuntu.com/ubuntu jammy-updates/main amd64 libc6-i386 amd64 2.35-0ubuntu3.10 [2837 kB]
  #5 28.60 Get:23 http://archive.ubuntu.com/ubuntu jammy-updates/main amd64 lib32gcc-s1 amd64 12.3.0-1ubuntu1~22.04.2 [63.9 kB]
  #5 28.60 Get:24 http://archive.ubuntu.com/ubuntu jammy-updates/main amd64 lib32stdc++6 amd64 12.3.0-1ubuntu1~22.04.2 [739 kB]
  #5 28.62 Get:25 http://archive.ubuntu.com/ubuntu jammy/main amd64 libicu-dev amd64 70.1-2 [11.6 MB]
  #5 28.95 Get:26 http://archive.ubuntu.com/ubuntu jammy-updates/main amd64 libncurses-dev amd64 6.3-2ubuntu0.1 [381 kB]
  #5 28.96 Get:27 http://archive.ubuntu.com/ubuntu jammy-updates/main amd64 libxml2-dev amd64 2.9.13+dfsg-1ubuntu0.8 [804 kB]
  #5 28.97 Get:28 http://archive.ubuntu.com/ubuntu jammy-updates/main amd64 libpfm4 amd64 4.11.1+git32-gd0b85fb-1ubuntu0.1 [345 kB]
  #5 28.98 Get:29 http://archive.ubuntu.com/ubuntu jammy/main amd64 libffi-dev amd64 3.4.2-4 [63.7 kB]
  #5 28.98 Get:30 http://archive.ubuntu.com/ubuntu jammy-updates/main amd64 python3-pygments all 2.11.2+dfsg-2ubuntu0.1 [750 kB]
  #5 28.99 Get:31 http://archive.ubuntu.com/ubuntu jammy/universe amd64 libz3-4 amd64 4.8.12-1 [5766 kB]
  #5 29.18 Get:32 http://archive.ubuntu.com/ubuntu jammy/universe amd64 libz3-dev amd64 4.8.12-1 [72.2 kB]
  #5 30.12 Get:2 https://apt.llvm.org/jammy llvm-toolchain-jammy-18/main amd64 libclang-cpp18 amd64 1:18.1.8~++20240731024944+3b5b5c1ec4a3-1~exp1~20240731145000.144 [13.6 MB]
  #5 31.20 Get:3 https://apt.llvm.org/jammy llvm-toolchain-jammy-18/main amd64 libclang-common-18-dev amd64 1:18.1.8~++20240731024944+3b5b5c1ec4a3-1~exp1~20240731145000.144 [766 kB]
  #5 31.24 Get:4 https://apt.llvm.org/jammy llvm-toolchain-jammy-18/main amd64 llvm-18-linker-tools amd64 1:18.1.8~++20240731024944+3b5b5c1ec4a3-1~exp1~20240731145000.144 [1386 kB]
  #5 31.30 Get:5 https://apt.llvm.org/jammy llvm-toolchain-jammy-18/main amd64 libclang1-18 amd64 1:18.1.8~++20240731024944+3b5b5c1ec4a3-1~exp1~20240731145000.144 [7900 kB]
  #5 31.90 Get:6 https://apt.llvm.org/jammy llvm-toolchain-jammy-18/main amd64 clang-18 amd64 1:18.1.8~++20240731024944+3b5b5c1ec4a3-1~exp1~20240731145000.144 [150 kB]
  #5 31.91 Get:7 https://apt.llvm.org/jammy llvm-toolchain-jammy-18/main amd64 clang-tools-18 amd64 1:18.1.8~++20240731024944+3b5b5c1ec4a3-1~exp1~20240731145000.144 [9216 kB]
  #5 32.59 Get:9 https://apt.llvm.org/jammy llvm-toolchain-jammy-18/main amd64 clang-tidy-18 amd64 1:18.1.8~++20240731024944+3b5b5c1ec4a3-1~exp1~20240731145000.144 [5052 kB]
  #5 32.93 Get:10 https://apt.llvm.org/jammy llvm-toolchain-jammy-18/main amd64 libclang-rt-18-dev amd64 1:18.1.8~++20240731024944+3b5b5c1ec4a3-1~exp1~20240731145000.144 [3842 kB]
  #5 33.31 Get:11 https://apt.llvm.org/jammy llvm-toolchain-jammy-18/main amd64 llvm-18-runtime amd64 1:18.1.8~++20240731024944+3b5b5c1ec4a3-1~exp1~20240731145000.144 [610 kB]
  #5 33.37 Get:12 https://apt.llvm.org/jammy llvm-toolchain-jammy-18/main amd64 llvm-18 amd64 1:18.1.8~++20240731024944+3b5b5c1ec4a3-1~exp1~20240731145000.144 [25.5 MB]
  #5 35.43 Get:13 https://apt.llvm.org/jammy llvm-toolchain-jammy-18/main amd64 llvm-18-tools amd64 1:18.1.8~++20240731024944+3b5b5c1ec4a3-1~exp1~20240731145000.144 [572 kB]
  #5 35.46 Get:14 https://apt.llvm.org/jammy llvm-toolchain-jammy-18/main amd64 llvm-18-dev amd64 1:18.1.8~++20240731024944+3b5b5c1ec4a3-1~exp1~20240731145000.144 [47.0 MB]
  #5 39.07 debconf: delaying package configuration, since apt-utils is not installed
  #5 39.09 Fetched 167 MB in 11s (14.9 MB/s)
  #5 39.11 Selecting previously unselected package libmd0:amd64.
  #5 39.11 (Reading database ... 
  (Reading database ... 5%
  (Reading database ... 10%
  (Reading database ... 15%
  (Reading database ... 20%
  (Reading database ... 25%
  (Reading database ... 30%
  (Reading database ... 35%
  (Reading database ... 40%
  (Reading database ... 45%
  (Reading database ... 50%
  (Reading database ... 55%
  (Reading database ... 60%
  (Reading database ... 65%
  (Reading database ... 70%
  (Reading database ... 75%
  (Reading database ... 80%
  (Reading database ... 85%
  (Reading database ... 90%
  (Reading database ... 95%
  (Reading database ... 100%
  (Reading database ... 20774 files and directories currently installed.)
  #5 39.12 Preparing to unpack .../00-libmd0_1.0.4-1build1_amd64.deb ...
  #5 39.12 Unpacking libmd0:amd64 (1.0.4-1build1) ...
  #5 39.13 Selecting previously unselected package libbsd0:amd64.
  #5 39.13 Preparing to unpack .../01-libbsd0_0.11.5-1_amd64.deb ...
  #5 39.14 Unpacking libbsd0:amd64 (0.11.5-1) ...
  #5 39.15 Selecting previously unselected package python3-yaml.
  #5 39.15 Preparing to unpack .../02-python3-yaml_5.4.1-1ubuntu1_amd64.deb ...
  #5 39.15 Unpacking python3-yaml (5.4.1-1ubuntu1) ...
  #5 39.17 Selecting previously unselected package libedit2:amd64.
  #5 39.17 Preparing to unpack .../03-libedit2_3.1-20210910-1build1_amd64.deb ...
  #5 39.17 Unpacking libedit2:amd64 (3.1-20210910-1build1) ...
  #5 39.18 Selecting previously unselected package libllvm18:amd64.
  #5 39.18 Preparing to unpack .../04-libllvm18_1%3a18.1.8~++20240731024944+3b5b5c1ec4a3-1~exp1~20240731145000.144_amd64.deb ...
  #5 39.18 Unpacking libllvm18:amd64 (1:18.1.8~++20240731024944+3b5b5c1ec4a3-1~exp1~20240731145000.144) ...
  #5 39.65 Selecting previously unselected package libclang-cpp18.
  #5 39.65 Preparing to unpack .../05-libclang-cpp18_1%3a18.1.8~++20240731024944+3b5b5c1ec4a3-1~exp1~20240731145000.144_amd64.deb ...
  #5 39.65 Unpacking libclang-cpp18 (1:18.1.8~++20240731024944+3b5b5c1ec4a3-1~exp1~20240731145000.144) ...
  #5 39.88 Selecting previously unselected package libgc1:amd64.
  #5 39.88 Preparing to unpack .../06-libgc1_1%3a8.0.6-1.1build1_amd64.deb ...
  #5 39.88 Unpacking libgc1:amd64 (1:8.0.6-1.1build1) ...
  #5 39.90 Selecting previously unselected package libobjc4:amd64.
  #5 39.90 Preparing to unpack .../07-libobjc4_12.3.0-1ubuntu1~22.04.2_amd64.deb ...
  #5 39.90 Unpacking libobjc4:amd64 (12.3.0-1ubuntu1~22.04.2) ...
  #5 39.91 Selecting previously unselected package libobjc-11-dev:amd64.
  #5 39.92 Preparing to unpack .../08-libobjc-11-dev_11.4.0-1ubuntu1~22.04.2_amd64.deb ...
  #5 39.92 Unpacking libobjc-11-dev:amd64 (11.4.0-1ubuntu1~22.04.2) ...
  #5 39.93 Selecting previously unselected package libclang-common-18-dev:amd64.
  #5 39.93 Preparing to unpack .../09-libclang-common-18-dev_1%3a18.1.8~++20240731024944+3b5b5c1ec4a3-1~exp1~20240731145000.144_amd64.deb ...
  #5 39.93 Unpacking libclang-common-18-dev:amd64 (1:18.1.8~++20240731024944+3b5b5c1ec4a3-1~exp1~20240731145000.144) ...
  #5 40.00 Selecting previously unselected package llvm-18-linker-tools.
  #5 40.00 Preparing to unpack .../10-llvm-18-linker-tools_1%3a18.1.8~++20240731024944+3b5b5c1ec4a3-1~exp1~20240731145000.144_amd64.deb ...
  #5 40.00 Unpacking llvm-18-linker-tools (1:18.1.8~++20240731024944+3b5b5c1ec4a3-1~exp1~20240731145000.144) ...
  #5 40.03 Selecting previously unselected package libclang1-18.
  #5 40.03 Preparing to unpack .../11-libclang1-18_1%3a18.1.8~++20240731024944+3b5b5c1ec4a3-1~exp1~20240731145000.144_amd64.deb ...
  #5 40.03 Unpacking libclang1-18 (1:18.1.8~++20240731024944+3b5b5c1ec4a3-1~exp1~20240731145000.144) ...
  #5 40.16 Selecting previously unselected package clang-18.
  #5 40.16 Preparing to unpack .../12-clang-18_1%3a18.1.8~++20240731024944+3b5b5c1ec4a3-1~exp1~20240731145000.144_amd64.deb ...
  #5 40.17 Unpacking clang-18 (1:18.1.8~++20240731024944+3b5b5c1ec4a3-1~exp1~20240731145000.144) ...
  #5 40.18 Selecting previously unselected package clang-tools-18.
  #5 40.18 Preparing to unpack .../13-clang-tools-18_1%3a18.1.8~++20240731024944+3b5b5c1ec4a3-1~exp1~20240731145000.144_amd64.deb ...
  #5 40.18 Unpacking clang-tools-18 (1:18.1.8~++20240731024944+3b5b5c1ec4a3-1~exp1~20240731145000.144) ...
  #5 40.33 Selecting previously unselected package clang-tidy-18.
  #5 40.33 Preparing to unpack .../14-clang-tidy-18_1%3a18.1.8~++20240731024944+3b5b5c1ec4a3-1~exp1~20240731145000.144_amd64.deb ...
  #5 40.33 Unpacking clang-tidy-18 (1:18.1.8~++20240731024944+3b5b5c1ec4a3-1~exp1~20240731145000.144) ...
  #5 40.43 Selecting previously unselected package icu-devtools.
  #5 40.44 Preparing to unpack .../15-icu-devtools_70.1-2_amd64.deb ...
  #5 40.44 Unpacking icu-devtools (70.1-2) ...
  #5 40.45 Selecting previously unselected package libc6-i386.
  #5 40.46 Preparing to unpack .../16-libc6-i386_2.35-0ubuntu3.10_amd64.deb ...
  #5 40.46 Unpacking libc6-i386 (2.35-0ubuntu3.10) ...
  #5 40.53 Selecting previously unselected package lib32gcc-s1.
  #5 40.53 Preparing to unpack .../17-lib32gcc-s1_12.3.0-1ubuntu1~22.04.2_amd64.deb ...
  #5 40.53 Unpacking lib32gcc-s1 (12.3.0-1ubuntu1~22.04.2) ...
  #5 40.55 Selecting previously unselected package lib32stdc++6.
  #5 40.55 Preparing to unpack .../18-lib32stdc++6_12.3.0-1ubuntu1~22.04.2_amd64.deb ...
  #5 40.55 Unpacking lib32stdc++6 (12.3.0-1ubuntu1~22.04.2) ...
  #5 40.57 Selecting previously unselected package libclang-rt-18-dev:amd64.
  #5 40.57 Preparing to unpack .../19-libclang-rt-18-dev_1%3a18.1.8~++20240731024944+3b5b5c1ec4a3-1~exp1~20240731145000.144_amd64.deb ...
  #5 40.57 Unpacking libclang-rt-18-dev:amd64 (1:18.1.8~++20240731024944+3b5b5c1ec4a3-1~exp1~20240731145000.144) ...
  #5 40.71 Selecting previously unselected package libicu-dev:amd64.
  #5 40.71 Preparing to unpack .../20-libicu-dev_70.1-2_amd64.deb ...
  #5 40.71 Unpacking libicu-dev:amd64 (70.1-2) ...
  #5 40.89 Selecting previously unselected package libncurses-dev:amd64.
  #5 40.89 Preparing to unpack .../21-libncurses-dev_6.3-2ubuntu0.1_amd64.deb ...
  #5 40.89 Unpacking libncurses-dev:amd64 (6.3-2ubuntu0.1) ...
  #5 40.91 Selecting previously unselected package libxml2-dev:amd64.
  #5 40.91 Preparing to unpack .../22-libxml2-dev_2.9.13+dfsg-1ubuntu0.8_amd64.deb ...
  #5 40.91 Unpacking libxml2-dev:amd64 (2.9.13+dfsg-1ubuntu0.8) ...
  #5 40.94 Selecting previously unselected package llvm-18-runtime.
  #5 40.94 Preparing to unpack .../23-llvm-18-runtime_1%3a18.1.8~++20240731024944+3b5b5c1ec4a3-1~exp1~20240731145000.144_amd64.deb ...
  #5 40.94 Unpacking llvm-18-runtime (1:18.1.8~++20240731024944+3b5b5c1ec4a3-1~exp1~20240731145000.144) ...
  #5 40.96 Selecting previously unselected package libpfm4:amd64.
  #5 40.96 Preparing to unpack .../24-libpfm4_4.11.1+git32-gd0b85fb-1ubuntu0.1_amd64.deb ...
  #5 40.96 Unpacking libpfm4:amd64 (4.11.1+git32-gd0b85fb-1ubuntu0.1) ...
  #5 40.98 Selecting previously unselected package llvm-18.
  #5 40.98 Preparing to unpack .../25-llvm-18_1%3a18.1.8~++20240731024944+3b5b5c1ec4a3-1~exp1~20240731145000.144_amd64.deb ...
  #5 40.99 Unpacking llvm-18 (1:18.1.8~++20240731024944+3b5b5c1ec4a3-1~exp1~20240731145000.144) ...
  #5 41.54 Selecting previously unselected package libffi-dev:amd64.
  #5 41.55 Preparing to unpack .../26-libffi-dev_3.4.2-4_amd64.deb ...
  #5 41.55 Unpacking libffi-dev:amd64 (3.4.2-4) ...
  #5 41.56 Selecting previously unselected package python3-pygments.
  #5 41.57 Preparing to unpack .../27-python3-pygments_2.11.2+dfsg-2ubuntu0.1_all.deb ...
  #5 41.57 Unpacking python3-pygments (2.11.2+dfsg-2ubuntu0.1) ...
  #5 41.61 Selecting previously unselected package llvm-18-tools.
  #5 41.61 Preparing to unpack .../28-llvm-18-tools_1%3a18.1.8~++20240731024944+3b5b5c1ec4a3-1~exp1~20240731145000.144_amd64.deb ...
  #5 41.61 Unpacking llvm-18-tools (1:18.1.8~++20240731024944+3b5b5c1ec4a3-1~exp1~20240731145000.144) ...
  #5 41.68 Selecting previously unselected package libz3-4:amd64.
  #5 41.68 Preparing to unpack .../29-libz3-4_4.8.12-1_amd64.deb ...
  #5 41.68 Unpacking libz3-4:amd64 (4.8.12-1) ...
  #5 41.76 Selecting previously unselected package libz3-dev:amd64.
  #5 41.76 Preparing to unpack .../30-libz3-dev_4.8.12-1_amd64.deb ...
  #5 41.76 Unpacking libz3-dev:amd64 (4.8.12-1) ...
  #5 41.78 Selecting previously unselected package llvm-18-dev.
  #5 41.78 Preparing to unpack .../31-llvm-18-dev_1%3a18.1.8~++20240731024944+3b5b5c1ec4a3-1~exp1~20240731145000.144_amd64.deb ...
  #5 41.78 Unpacking llvm-18-dev (1:18.1.8~++20240731024944+3b5b5c1ec4a3-1~exp1~20240731145000.144) ...
  #5 43.53 Setting up libncurses-dev:amd64 (6.3-2ubuntu0.1) ...
  #5 43.53 Setting up python3-yaml (5.4.1-1ubuntu1) ...
  #5 43.67 Setting up libffi-dev:amd64 (3.4.2-4) ...
  #5 43.68 Setting up python3-pygments (2.11.2+dfsg-2ubuntu0.1) ...
  #5 44.23 Setting up libz3-4:amd64 (4.8.12-1) ...
  #5 44.24 Setting up libpfm4:amd64 (4.11.1+git32-gd0b85fb-1ubuntu0.1) ...
  #5 44.24 Setting up icu-devtools (70.1-2) ...
  #5 44.24 Setting up libclang-common-18-dev:amd64 (1:18.1.8~++20240731024944+3b5b5c1ec4a3-1~exp1~20240731145000.144) ...
  #5 44.24 Setting up libgc1:amd64 (1:8.0.6-1.1build1) ...
  #5 44.25 Setting up libmd0:amd64 (1.0.4-1build1) ...
  #5 44.25 Setting up libc6-i386 (2.35-0ubuntu3.10) ...
  #5 44.25 Setting up libbsd0:amd64 (0.11.5-1) ...
  #5 44.25 Setting up libicu-dev:amd64 (70.1-2) ...
  #5 44.26 Setting up libz3-dev:amd64 (4.8.12-1) ...
  #5 44.26 Setting up libedit2:amd64 (3.1-20210910-1build1) ...
  #5 44.26 Setting up libobjc4:amd64 (12.3.0-1ubuntu1~22.04.2) ...
  #5 44.26 Setting up llvm-18-tools (1:18.1.8~++20240731024944+3b5b5c1ec4a3-1~exp1~20240731145000.144) ...
  #5 44.27 Setting up libxml2-dev:amd64 (2.9.13+dfsg-1ubuntu0.8) ...
  #5 44.27 Setting up lib32gcc-s1 (12.3.0-1ubuntu1~22.04.2) ...
  #5 44.27 Setting up lib32stdc++6 (12.3.0-1ubuntu1~22.04.2) ...
  #5 44.27 Setting up libclang-rt-18-dev:amd64 (1:18.1.8~++20240731024944+3b5b5c1ec4a3-1~exp1~20240731145000.144) ...
  #5 44.28 Setting up libllvm18:amd64 (1:18.1.8~++20240731024944+3b5b5c1ec4a3-1~exp1~20240731145000.144) ...
  #5 44.28 Setting up libclang1-18 (1:18.1.8~++20240731024944+3b5b5c1ec4a3-1~exp1~20240731145000.144) ...
  #5 44.28 Setting up libobjc-11-dev:amd64 (11.4.0-1ubuntu1~22.04.2) ...
  #5 44.28 Setting up llvm-18-linker-tools (1:18.1.8~++20240731024944+3b5b5c1ec4a3-1~exp1~20240731145000.144) ...
  #5 44.28 Setting up llvm-18-runtime (1:18.1.8~++20240731024944+3b5b5c1ec4a3-1~exp1~20240731145000.144) ...
  #5 44.29 Setting up libclang-cpp18 (1:18.1.8~++20240731024944+3b5b5c1ec4a3-1~exp1~20240731145000.144) ...
  #5 44.29 Setting up clang-18 (1:18.1.8~++20240731024944+3b5b5c1ec4a3-1~exp1~20240731145000.144) ...
  #5 44.29 Setting up clang-tools-18 (1:18.1.8~++20240731024944+3b5b5c1ec4a3-1~exp1~20240731145000.144) ...
  #5 44.29 Setting up clang-tidy-18 (1:18.1.8~++20240731024944+3b5b5c1ec4a3-1~exp1~20240731145000.144) ...
  #5 44.30 Setting up llvm-18 (1:18.1.8~++20240731024944+3b5b5c1ec4a3-1~exp1~20240731145000.144) ...
  #5 44.30 Setting up llvm-18-dev (1:18.1.8~++20240731024944+3b5b5c1ec4a3-1~exp1~20240731145000.144) ...
  #5 44.30 Processing triggers for libc-bin (2.35-0ubuntu3.10) ...
  #5 44.85 Hit:1 https://apt.llvm.org/jammy llvm-toolchain-jammy-18 InRelease
  #5 44.95 Get:2 https://storage.googleapis.com/bazel-apt stable InRelease [2265 B]
  #5 44.95 Hit:3 http://archive.ubuntu.com/ubuntu jammy InRelease
  #5 44.95 Hit:4 http://security.ubuntu.com/ubuntu jammy-security InRelease
  #5 45.04 Hit:5 http://archive.ubuntu.com/ubuntu jammy-updates InRelease
  #5 45.06 Get:6 https://storage.googleapis.com/bazel-apt stable/jdk1.8 amd64 Packages [16.7 kB]
  #5 45.13 Hit:7 http://archive.ubuntu.com/ubuntu jammy-backports InRelease
  #5 45.28 Fetched 18.9 kB in 1s (37.0 kB/s)
  #5 45.28 Reading package lists...
  #5 46.25 W: http://apt.llvm.org/jammy/dists/llvm-toolchain-jammy-18/InRelease: Key is stored in legacy trusted.gpg keyring (/etc/apt/trusted.gpg), see the DEPRECATION section in apt-key(8) for details.
  #5 46.29 Reading package lists...
  #5 47.27 Building dependency tree...
  #5 47.44 Reading state information...
  #5 47.61 The following additional packages will be installed:
  #5 47.61   unzip zlib1g-dev
  #5 47.61 Suggested packages:
  #5 47.61   google-jdk | java8-sdk-headless | java8-jdk | java8-sdk
  #5 47.61   | oracle-java8-installer bash-completion zip
  #5 47.65 The following NEW packages will be installed:
  #5 47.65   bazel unzip zlib1g-dev
  #5 47.71 0 upgraded, 3 newly installed, 0 to remove and 0 not upgraded.
  #5 47.71 Need to get 58.0 MB of archives.
  #5 47.71 After this operation, 992 kB of additional disk space will be used.
  #5 47.71 Get:1 http://archive.ubuntu.com/ubuntu jammy-updates/main amd64 zlib1g-dev amd64 1:1.2.11.dfsg-2ubuntu9.2 [164 kB]
  #5 47.81 Get:2 http://archive.ubuntu.com/ubuntu jammy-updates/main amd64 unzip amd64 6.0-26ubuntu3.2 [175 kB]
  #5 47.84 Get:3 https://storage.googleapis.com/bazel-apt stable/jdk1.8 amd64 bazel amd64 8.3.1 [57.7 MB]
  #5 48.75 debconf: delaying package configuration, since apt-utils is not installed
  #5 48.77 Fetched 58.0 MB in 1s (62.3 MB/s)
  #5 48.80 Selecting previously unselected package zlib1g-dev:amd64.
  #5 48.80 (Reading database ... 
  (Reading database ... 5%
  (Reading database ... 10%
  (Reading database ... 15%
  (Reading database ... 20%
  (Reading database ... 25%
  (Reading database ... 30%
  (Reading database ... 35%
  (Reading database ... 40%
  (Reading database ... 45%
  (Reading database ... 50%
  (Reading database ... 55%
  (Reading database ... 60%
  (Reading database ... 65%
  (Reading database ... 70%
  (Reading database ... 75%
  (Reading database ... 80%
  (Reading database ... 85%
  (Reading database ... 90%
  (Reading database ... 95%
  (Reading database ... 100%
  (Reading database ... 25746 files and directories currently installed.)
  #5 48.81 Preparing to unpack .../zlib1g-dev_1%3a1.2.11.dfsg-2ubuntu9.2_amd64.deb ...
  #5 48.81 Unpacking zlib1g-dev:amd64 (1:1.2.11.dfsg-2ubuntu9.2) ...
  #5 48.83 Selecting previously unselected package unzip.
  #5 48.83 Preparing to unpack .../unzip_6.0-26ubuntu3.2_amd64.deb ...
  #5 48.83 Unpacking unzip (6.0-26ubuntu3.2) ...
  #5 48.84 Selecting previously unselected package bazel.
  #5 48.84 Preparing to unpack .../archives/bazel_8.3.1_amd64.deb ...
  #5 48.84 Unpacking bazel (8.3.1) ...
  #5 49.06 Setting up unzip (6.0-26ubuntu3.2) ...
  #5 49.07 Setting up zlib1g-dev:amd64 (1:1.2.11.dfsg-2ubuntu9.2) ...
  #5 49.07 Setting up bazel (8.3.1) ...
  #5 DONE 51.5s
  #6 [3/8] RUN python3 -m pip install --upgrade pip setuptools wheel &&     pip3 install mkdocs mkdocs-material mkdocstrings pymdown-extensions mike
  #6 0.589 Requirement already satisfied: pip in /usr/lib/python3/dist-packages (22.0.2)
  #6 0.740 Collecting pip
  #6 0.823   Downloading pip-25.2-py3-none-any.whl (1.8 MB)
  #6 0.926      â”â”â”â”â”â”â”â”â”â”â”â”â”â”â”â”â”â”â”â”â”â”â”â”â”â”â”â”â”â”â”â”â”â”â”â”â”â”â”â” 1.8/1.8 MB 17.2 MB/s eta 0:00:00
  #6 0.937 Requirement already satisfied: setuptools in /usr/lib/python3/dist-packages (59.6.0)
  #6 1.284 Collecting setuptools
  #6 1.289   Downloading setuptools-80.9.0-py3-none-any.whl (1.2 MB)
  #6 1.379      â”â”â”â”â”â”â”â”â”â”â”â”â”â”â”â”â”â”â”â”â”â”â”â”â”â”â”â”â”â”â”â”â”â”â”â”â”â”â”â” 1.2/1.2 MB 13.6 MB/s eta 0:00:00
  #6 1.387 Requirement already satisfied: wheel in /usr/lib/python3/dist-packages (0.37.1)
  #6 1.433 Collecting wheel
  #6 1.440   Downloading wheel-0.45.1-py3-none-any.whl (72 kB)
  #6 1.447      â”â”â”â”â”â”â”â”â”â”â”â”â”â”â”â”â”â”â”â”â”â”â”â”â”â”â”â”â”â”â”â”â”â”â”â”â”â”â”â” 72.5/72.5 KB 12.6 MB/s eta 0:00:00
  #6 1.605 Installing collected packages: wheel, setuptools, pip
  #6 1.605   Attempting uninstall: wheel
  #6 1.606     Found existing installation: wheel 0.37.1
  #6 1.607     Not uninstalling wheel at /usr/lib/python3/dist-packages, outside environment /usr
  #6 1.607     Can't uninstall 'wheel'. No files were found to uninstall.
  #6 1.648   Attempting uninstall: setuptools
  #6 1.649     Found existing installation: setuptools 59.6.0
  #6 1.650     Not uninstalling setuptools at /usr/lib/python3/dist-packages, outside environment /usr
  #6 1.650     Can't uninstall 'setuptools'. No files were found to uninstall.
  #6 2.251   Attempting uninstall: pip
  #6 2.251     Found existing installation: pip 22.0.2
  #6 2.252     Not uninstalling pip at /usr/lib/python3/dist-packages, outside environment /usr
  #6 2.253     Can't uninstall 'pip'. No files were found to uninstall.
  #6 2.944 Successfully installed pip-25.2 setuptools-80.9.0 wheel-0.45.1
  #6 2.944 WARNING: Running pip as the 'root' user can result in broken permissions and conflicting behaviour with the system package manager. It is recommended to use a virtual environment instead: https://pip.pypa.io/warnings/venv
  #6 3.449 Collecting mkdocs
  #6 3.492   Downloading mkdocs-1.6.1-py3-none-any.whl.metadata (6.0 kB)
  #6 3.606 Collecting mkdocs-material
  #6 3.612   Downloading mkdocs_material-9.6.18-py3-none-any.whl.metadata (19 kB)
  #6 3.642 Collecting mkdocstrings
  #6 3.649   Downloading mkdocstrings-0.30.0-py3-none-any.whl.metadata (8.3 kB)
  #6 3.681 Collecting pymdown-extensions
  #6 3.686   Downloading pymdown_extensions-10.16.1-py3-none-any.whl.metadata (3.1 kB)
  #6 3.703 Collecting mike
  #6 3.708   Downloading mike-2.1.3-py3-none-any.whl.metadata (17 kB)
  #6 3.732 Collecting click>=7.0 (from mkdocs)
  #6 3.739   Downloading click-8.2.1-py3-none-any.whl.metadata (2.5 kB)
  #6 3.760 Collecting ghp-import>=1.0 (from mkdocs)
  #6 3.765   Downloading ghp_import-2.1.0-py3-none-any.whl.metadata (7.2 kB)
  #6 3.786 Collecting jinja2>=2.11.1 (from mkdocs)
  #6 3.791   Downloading jinja2-3.1.6-py3-none-any.whl.metadata (2.9 kB)
  #6 3.812 Collecting markdown>=3.3.6 (from mkdocs)
  #6 3.817   Downloading markdown-3.8.2-py3-none-any.whl.metadata (5.1 kB)
  #6 3.879 Collecting markupsafe>=2.0.1 (from mkdocs)
  #6 3.885   Downloading MarkupSafe-3.0.2-cp310-cp310-manylinux_2_17_x86_64.manylinux2014_x86_64.whl.metadata (4.0 kB)
  #6 3.898 Collecting mergedeep>=1.3.4 (from mkdocs)
  #6 3.903   Downloading mergedeep-1.3.4-py3-none-any.whl.metadata (4.3 kB)
  #6 3.916 Collecting mkdocs-get-deps>=0.2.0 (from mkdocs)
  #6 3.921   Downloading mkdocs_get_deps-0.2.0-py3-none-any.whl.metadata (4.0 kB)
  #6 3.942 Collecting packaging>=20.5 (from mkdocs)
  #6 3.947   Downloading packaging-25.0-py3-none-any.whl.metadata (3.3 kB)
  #6 3.962 Collecting pathspec>=0.11.1 (from mkdocs)
  #6 3.969   Downloading pathspec-0.12.1-py3-none-any.whl.metadata (21 kB)
  #6 3.982 Collecting pyyaml-env-tag>=0.1 (from mkdocs)
  #6 3.987   Downloading pyyaml_env_tag-1.1-py3-none-any.whl.metadata (5.5 kB)
  #6 3.990 Requirement already satisfied: pyyaml>=5.1 in /usr/lib/python3/dist-packages (from mkdocs) (5.4.1)
  #6 4.044 Collecting watchdog>=2.0 (from mkdocs)
  #6 4.050   Downloading watchdog-6.0.0-py3-none-manylinux2014_x86_64.whl.metadata (44 kB)
  #6 4.070 Collecting babel~=2.10 (from mkdocs-material)
  #6 4.076   Downloading babel-2.17.0-py3-none-any.whl.metadata (2.0 kB)
  #6 4.103 Collecting backrefs~=5.7.post1 (from mkdocs-material)
  #6 4.109   Downloading backrefs-5.9-py310-none-any.whl.metadata (3.2 kB)
  #6 4.133 Collecting colorama~=0.4 (from mkdocs-material)
  #6 4.139   Downloading colorama-0.4.6-py2.py3-none-any.whl.metadata (17 kB)
  #6 4.163 Collecting mkdocs-material-extensions~=1.3 (from mkdocs-material)
  #6 4.168   Downloading mkdocs_material_extensions-1.3.1-py3-none-any.whl.metadata (6.9 kB)
  #6 4.185 Collecting paginate~=0.5 (from mkdocs-material)
  #6 4.190   Downloading paginate-0.5.7-py2.py3-none-any.whl.metadata (11 kB)
  #6 4.214 Collecting pygments~=2.16 (from mkdocs-material)
  #6 4.219   Downloading pygments-2.19.2-py3-none-any.whl.metadata (2.5 kB)
  #6 4.261 Collecting requests~=2.26 (from mkdocs-material)
  #6 4.266   Downloading requests-2.32.5-py3-none-any.whl.metadata (4.9 kB)
  #6 4.376 Collecting charset_normalizer<4,>=2 (from requests~=2.26->mkdocs-material)
  #6 4.381   Downloading charset_normalizer-3.4.3-cp310-cp310-manylinux2014_x86_64.manylinux_2_17_x86_64.manylinux_2_28_x86_64.whl.metadata (36 kB)
  #6 4.398 Collecting idna<4,>=2.5 (from requests~=2.26->mkdocs-material)
  #6 4.404   Downloading idna-3.10-py3-none-any.whl.metadata (10 kB)
  #6 4.435 Collecting urllib3<3,>=1.21.1 (from requests~=2.26->mkdocs-material)
  #6 4.440   Downloading urllib3-2.5.0-py3-none-any.whl.metadata (6.5 kB)
  #6 4.465 Collecting certifi>=2017.4.17 (from requests~=2.26->mkdocs-material)
  #6 4.470   Downloading certifi-2025.8.3-py3-none-any.whl.metadata (2.4 kB)
  #6 4.497 Collecting mkdocs-autorefs>=1.4 (from mkdocstrings)
  #6 4.503   Downloading mkdocs_autorefs-1.4.3-py3-none-any.whl.metadata (13 kB)
  #6 4.518 Requirement already satisfied: importlib-metadata in /usr/lib/python3/dist-packages (from mike) (4.6.4)
  #6 4.542 Collecting importlib-resources (from mike)
  #6 4.547   Downloading importlib_resources-6.5.2-py3-none-any.whl.metadata (3.9 kB)
  #6 4.588 Collecting pyparsing>=3.0 (from mike)
  #6 4.594   Downloading pyparsing-3.2.3-py3-none-any.whl.metadata (5.0 kB)
  #6 4.605 Collecting verspec (from mike)
  #6 4.615   Downloading verspec-0.1.0-py3-none-any.whl.metadata (1.9 kB)
  #6 4.632 Collecting python-dateutil>=2.8.1 (from ghp-import>=1.0->mkdocs)
  #6 4.638   Downloading python_dateutil-2.9.0.post0-py2.py3-none-any.whl.metadata (8.4 kB)
  #6 4.677 Collecting platformdirs>=2.2.0 (from mkdocs-get-deps>=0.2.0->mkdocs)
  #6 4.682   Downloading platformdirs-4.4.0-py3-none-any.whl.metadata (12 kB)
  #6 4.693 Requirement already satisfied: six>=1.5 in /usr/lib/python3/dist-packages (from python-dateutil>=2.8.1->ghp-import>=1.0->mkdocs) (1.16.0)
  #6 4.706 Downloading mkdocs-1.6.1-py3-none-any.whl (3.9 MB)
  #6 4.830    â”â”â”â”â”â”â”â”â”â”â”â”â”â”â”â”â”â”â”â”â”â”â”â”â”â”â”â”â”â”â”â”â”â”â”â”â”â”â”â” 3.9/3.9 MB 32.2 MB/s  0:00:00
  #6 4.837 Downloading mkdocs_material-9.6.18-py3-none-any.whl (9.2 MB)
  #6 5.523    â”â”â”â”â”â”â”â”â”â”â”â”â”â”â”â”â”â”â”â”â”â”â”â”â”â”â”â”â”â”â”â”â”â”â”â”â”â”â”â” 9.2/9.2 MB 13.3 MB/s  0:00:00
  #6 5.528 Downloading pymdown_extensions-10.16.1-py3-none-any.whl (266 kB)
  #6 5.552 Downloading babel-2.17.0-py3-none-any.whl (10.2 MB)
  #6 6.235    â”â”â”â”â”â”â”â”â”â”â”â”â”â”â”â”â”â”â”â”â”â”â”â”â”â”â”â”â”â”â”â”â”â”â”â”â”â”â”â” 10.2/10.2 MB 14.9 MB/s  0:00:00
  #6 6.242 Downloading backrefs-5.9-py310-none-any.whl (380 kB)
  #6 6.266 Downloading click-8.2.1-py3-none-any.whl (102 kB)
  #6 6.276 Downloading colorama-0.4.6-py2.py3-none-any.whl (25 kB)
  #6 6.284 Downloading jinja2-3.1.6-py3-none-any.whl (134 kB)
  #6 6.297 Downloading markdown-3.8.2-py3-none-any.whl (106 kB)
  #6 6.310 Downloading mkdocs_material_extensions-1.3.1-py3-none-any.whl (8.7 kB)
  #6 6.317 Downloading paginate-0.5.7-py2.py3-none-any.whl (13 kB)
  #6 6.324 Downloading pygments-2.19.2-py3-none-any.whl (1.2 MB)
  #6 6.398    â”â”â”â”â”â”â”â”â”â”â”â”â”â”â”â”â”â”â”â”â”â”â”â”â”â”â”â”â”â”â”â”â”â”â”â”â”â”â”â” 1.2/1.2 MB 17.0 MB/s  0:00:00
  #6 6.404 Downloading requests-2.32.5-py3-none-any.whl (64 kB)
  #6 6.414 Downloading charset_normalizer-3.4.3-cp310-cp310-manylinux2014_x86_64.manylinux_2_17_x86_64.manylinux_2_28_x86_64.whl (152 kB)
  #6 6.428 Downloading idna-3.10-py3-none-any.whl (70 kB)
  #6 6.437 Downloading urllib3-2.5.0-py3-none-any.whl (129 kB)
  #6 6.448 Downloading mkdocstrings-0.30.0-py3-none-any.whl (36 kB)
  #6 6.457 Downloading mike-2.1.3-py3-none-any.whl (33 kB)
  #6 6.465 Downloading certifi-2025.8.3-py3-none-any.whl (161 kB)
  #6 6.479 Downloading ghp_import-2.1.0-py3-none-any.whl (11 kB)
  #6 6.486 Downloading MarkupSafe-3.0.2-cp310-cp310-manylinux_2_17_x86_64.manylinux2014_x86_64.whl (20 kB)
  #6 6.494 Downloading mergedeep-1.3.4-py3-none-any.whl (6.4 kB)
  #6 6.502 Downloading mkdocs_autorefs-1.4.3-py3-none-any.whl (25 kB)
  #6 6.512 Downloading mkdocs_get_deps-0.2.0-py3-none-any.whl (9.5 kB)
  #6 6.522 Downloading packaging-25.0-py3-none-any.whl (66 kB)
  #6 6.534 Downloading pathspec-0.12.1-py3-none-any.whl (31 kB)
  #6 6.544 Downloading platformdirs-4.4.0-py3-none-any.whl (18 kB)
  #6 6.553 Downloading pyparsing-3.2.3-py3-none-any.whl (111 kB)
  #6 6.569 Downloading python_dateutil-2.9.0.post0-py2.py3-none-any.whl (229 kB)
  #6 6.590 Downloading pyyaml_env_tag-1.1-py3-none-any.whl (4.7 kB)
  #6 6.597 Downloading watchdog-6.0.0-py3-none-manylinux2014_x86_64.whl (79 kB)
  #6 6.608 Downloading importlib_resources-6.5.2-py3-none-any.whl (37 kB)
  #6 6.619 Downloading verspec-0.1.0-py3-none-any.whl (19 kB)
  #6 7.015 Installing collected packages: verspec, paginate, watchdog, urllib3, pyyaml-env-tag, python-dateutil, pyparsing, pygments, platformdirs, pathspec, packaging, mkdocs-material-extensions, mergedeep, markupsafe, markdown, importlib-resources, idna, colorama, click, charset_normalizer, certifi, backrefs, babel, requests, pymdown-extensions, mkdocs-get-deps, jinja2, ghp-import, mkdocs, mkdocs-material, mkdocs-autorefs, mike, mkdocstrings
  #6 7.178   Attempting uninstall: pyparsing
  #6 7.178     Found existing installation: pyparsing 2.4.7
  #6 7.180     Uninstalling pyparsing-2.4.7:
  #6 7.198       Successfully uninstalled pyparsing-2.4.7
  #6 7.255   Attempting uninstall: pygments
  #6 7.255     Found existing installation: Pygments 2.11.2
  #6 7.256     Uninstalling Pygments-2.11.2:
  #6 7.329       Successfully uninstalled Pygments-2.11.2
  #6 11.38 
  #6 11.39 Successfully installed babel-2.17.0 backrefs-5.9 certifi-2025.8.3 charset_normalizer-3.4.3 click-8.2.1 colorama-0.4.6 ghp-import-2.1.0 idna-3.10 importlib-resources-6.5.2 jinja2-3.1.6 markdown-3.8.2 markupsafe-3.0.2 mergedeep-1.3.4 mike-2.1.3 mkdocs-1.6.1 mkdocs-autorefs-1.4.3 mkdocs-get-deps-0.2.0 mkdocs-material-9.6.18 mkdocs-material-extensions-1.3.1 mkdocstrings-0.30.0 packaging-25.0 paginate-0.5.7 pathspec-0.12.1 platformdirs-4.4.0 pygments-2.19.2 pymdown-extensions-10.16.1 pyparsing-3.2.3 python-dateutil-2.9.0.post0 pyyaml-env-tag-1.1 requests-2.32.5 urllib3-2.5.0 verspec-0.1.0 watchdog-6.0.0
  #6 11.39 WARNING: Running pip as the 'root' user can result in broken permissions and conflicting behaviour with the system package manager, possibly rendering your system unusable. It is recommended to use a virtual environment instead: https://pip.pypa.io/warnings/venv. Use the --root-user-action option if you know what you are doing and want to suppress this warning.
  #6 DONE 12.0s
  #7 [4/8] RUN locale-gen en_US.UTF-8 && update-locale LANG=en_US.UTF-8
  #7 0.219 Generating locales (this might take a while)...
  #7 0.221   en_US.UTF-8... done
  #7 1.746 Generation complete.
  #7 DONE 1.8s
  #8 [5/8] WORKDIR /home/cc/EnvGym/data-gpt-4.1mini/fmtlib_fmt
  #8 DONE 0.1s
  #9 [6/8] RUN git clone --recursive https://github.com/fmtlib/fmt.git . &&     if [ -d support/bazel ]; then       cp support/bazel/BUILD.bazel . 2>/dev/null || true;       cp support/bazel/MODULE.bazel . 2>/dev/null || true;       cp support/bazel/WORKSPACE.bazel . 2>/dev/null || true;       cp support/bazel/.bazelversion . 2>/dev/null || true;     fi
  #9 0.343 Cloning into '.'...
  #9 DONE 6.8s
  #10 [7/8] RUN mkdir -p build && cd build &&     cmake .. -DFMT_HEADER_ONLY=ON -G Ninja &&     ninja -j$(nproc)
  #10 0.381 -- CMake version: 3.22.1
  #10 0.444 -- The CXX compiler identification is GNU 11.4.0
  #10 0.452 -- Detecting CXX compiler ABI info
  #10 0.510 -- Detecting CXX compiler ABI info - done
  #10 0.519 -- Check for working CXX compiler: /usr/bin/c++ - skipped
  #10 0.519 -- Detecting CXX compile features
  #10 0.520 -- Detecting CXX compile features - done
  #10 0.522 -- {fmt} version: 11.2.1
  #10 0.522 -- Build type: Release
  #10 0.525 -- Target 'doc' disabled because doxygen not found
  #10 0.527 -- Looking for C++ include pthread.h
  #10 0.593 -- Looking for C++ include pthread.h - found
  #10 0.593 -- Performing Test CMAKE_HAVE_LIBC_PTHREAD
  #10 0.659 -- Performing Test CMAKE_HAVE_LIBC_PTHREAD - Success
  #10 0.660 -- Found Threads: TRUE  
  #10 0.663 -- Looking for strptime
  #10 0.722 -- Looking for strptime - found
  #10 0.763 -- FMT_PEDANTIC: OFF
  #10 0.770 -- Configuring done
  #10 0.793 -- Generating done
  #10 0.799 CMake Warning:
  #10 0.799   Manually-specified variables were not used by the project:
  #10 0.799 
  #10 0.799     FMT_HEADER_ONLY
  #10 0.799 
  #10 0.799 
  #10 0.799 -- Build files have been written to: /home/cc/EnvGym/data-gpt-4.1mini/fmtlib_fmt/build
  #10 1.368 [1/75] Building CXX object test/CMakeFiles/perf-sanity.dir/perf-sanity.cc.o
  #10 1.400 [2/75] Building CXX object test/CMakeFiles/test-main.dir/util.cc.o
  #10 1.418 [3/75] Building CXX object CMakeFiles/fmt.dir/src/os.cc.o
  #10 1.494 [4/75] Building CXX object test/CMakeFiles/posix-mock-test.dir/util.cc.o
  #10 1.799 [5/75] Building CXX object test/CMakeFiles/posix-mock-test.dir/test-main.cc.o
  #10 1.875 [6/75] Building CXX object test/CMakeFiles/unicode-test.dir/test-main.cc.o
  #10 1.876 [7/75] Building CXX object test/CMakeFiles/scan-test.dir/test-main.cc.o
  #10 1.877 [8/75] Building CXX object test/CMakeFiles/format-impl-test.dir/test-main.cc.o
  #10 1.882 [9/75] Building CXX object test/CMakeFiles/no-builtin-types-test.dir/test-main.cc.o
  #10 2.018 [10/75] Building CXX object test/CMakeFiles/test-main.dir/test-main.cc.o
  #10 2.118 [11/75] Building CXX object test/CMakeFiles/assert-test.dir/assert-test.cc.o
  #10 2.187 [12/75] Building CXX object test/CMakeFiles/test-main.dir/gtest-extra.cc.o
  #10 2.206 [13/75] Building CXX object test/CMakeFiles/compile-fp-test.dir/compile-fp-test.cc.o
  #10 2.207 [14/75] Building CXX object test/CMakeFiles/posix-mock-test.dir/gtest-extra.cc.o
  #10 2.570 [15/75] Building CXX object test/CMakeFiles/ranges-test.dir/ranges-odr-test.cc.o
  #10 3.341 [16/75] Building CXX object test/CMakeFiles/args-test.dir/args-test.cc.o
  #10 3.721 [17/75] Building CXX object test/CMakeFiles/posix-mock-test.dir/posix-mock-test.cc.o
  #10 4.086 [18/75] Building CXX object test/CMakeFiles/color-test.dir/color-test.cc.o
  #10 4.383 [19/75] Building CXX object test/CMakeFiles/no-builtin-types-test.dir/no-builtin-types-test.cc.o
  #10 4.738 [20/75] Building CXX object test/CMakeFiles/os-test.dir/os-test.cc.o
  #10 4.771 [21/75] Building CXX object test/CMakeFiles/unicode-test.dir/util.cc.o
  #10 4.773 [22/75] Building CXX object CMakeFiles/fmt.dir/src/format.cc.o
  #10 4.801 [23/75] Building CXX object test/CMakeFiles/posix-mock-test.dir/__/src/format.cc.o
  #10 4.828 [24/75] Linking CXX static library libfmt.a
  #10 4.834 [25/75] Building CXX object test/CMakeFiles/format-impl-test.dir/util.cc.o
  #10 4.836 [26/75] Building CXX object test/CMakeFiles/no-builtin-types-test.dir/util.cc.o
  #10 4.860 [27/75] Building CXX object test/CMakeFiles/scan-test.dir/util.cc.o
  #10 4.892 [28/75] Linking CXX executable bin/perf-sanity
  #10 4.929 [29/75] Building CXX object test/CMakeFiles/gtest-extra-test.dir/gtest-extra-test.cc.o
  #10 4.954 [30/75] Building CXX object test/CMakeFiles/format-impl-test.dir/__/src/os.cc.o
  #10 4.979 [31/75] Building CXX object test/CMakeFiles/no-builtin-types-test.dir/__/src/os.cc.o
  #10 5.069 [32/75] Building CXX object test/CMakeFiles/scan-test.dir/__/src/os.cc.o
  #10 5.296 [33/75] Building CXX object test/CMakeFiles/unicode-test.dir/__/src/os.cc.o
  #10 5.399 [34/75] Building CXX object test/CMakeFiles/format-impl-test.dir/gtest-extra.cc.o
  #10 5.418 [35/75] Building CXX object test/CMakeFiles/scan-test.dir/gtest-extra.cc.o
  #10 5.418 [36/75] Building CXX object test/CMakeFiles/no-builtin-types-test.dir/gtest-extra.cc.o
  #10 5.436 [37/75] Building CXX object test/CMakeFiles/format-impl-test.dir/header-only-test.cc.o
  #10 5.745 [38/75] Building CXX object test/CMakeFiles/ostream-test.dir/ostream-test.cc.o
  #10 5.883 [39/75] Building CXX object test/CMakeFiles/unicode-test.dir/gtest-extra.cc.o
  #10 6.437 [40/75] Building CXX object test/CMakeFiles/enforce-checks-test.dir/enforce-checks-test.cc.o
  #10 6.657 [41/75] Building CXX object test/CMakeFiles/unicode-test.dir/unicode-test.cc.o
  #10 7.078 [42/75] Building CXX object test/CMakeFiles/scan-test.dir/scan-test.cc.o
  #10 8.137 [43/75] Building CXX object test/CMakeFiles/format-impl-test.dir/format-impl-test.cc.o
  #10 8.715 [44/75] Building CXX object test/CMakeFiles/std-test.dir/std-test.cc.o
  #10 9.060 [45/75] Building CXX object test/CMakeFiles/compile-test.dir/compile-test.cc.o
  #10 10.47 [46/75] Building CXX object test/CMakeFiles/ranges-test.dir/ranges-test.cc.o
  #10 12.22 [47/75] Building CXX object test/gtest/CMakeFiles/gtest.dir/gmock-gtest-all.cc.o
  #10 12.25 [48/75] Building CXX object test/CMakeFiles/xchar-test.dir/xchar-test.cc.o
  #10 12.27 [49/75] Linking CXX static library test/gtest/libgtest.a
  #10 12.32 [50/75] Linking CXX static library test/libtest-main.a
  #10 12.38 [51/75] Linking CXX executable bin/unicode-test
  #10 12.38 [52/75] Linking CXX executable bin/posix-mock-test
  #10 12.38 [53/75] Linking CXX executable bin/no-builtin-types-test
  #10 12.38 [54/75] Linking CXX executable bin/scan-test
  #10 12.39 [55/75] Linking CXX executable bin/format-impl-test
  #10 12.40 [56/75] Linking CXX executable bin/enforce-checks-test
  #10 12.41 [57/75] Linking CXX executable bin/compile-fp-test
  #10 12.42 [58/75] Linking CXX executable bin/assert-test
  #10 12.42 [59/75] Linking CXX executable bin/args-test
  #10 12.42 [60/75] Linking CXX executable bin/color-test
  #10 12.43 [61/75] Linking CXX executable bin/gtest-extra-test
  #10 12.43 [62/75] Linking CXX executable bin/compile-test
  #10 12.43 [63/75] Linking CXX executable bin/std-test
  #10 12.44 [64/75] Linking CXX executable bin/ostream-test
  #10 12.44 [65/75] Linking CXX executable bin/ranges-test
  #10 12.44 [66/75] Linking CXX executable bin/os-test
  #10 12.44 [67/75] Linking CXX executable bin/xchar-test
  #10 14.25 [68/75] Building CXX object test/CMakeFiles/base-test.dir/base-test.cc.o
  #10 14.39 [69/75] Linking CXX executable bin/base-test
  #10 25.15 [70/75] Building CXX object test/CMakeFiles/format-test.dir/format-test.cc.o
  #10 25.30 [71/75] Linking CXX executable bin/format-test
  #10 27.28 [72/75] Building CXX object test/CMakeFiles/chrono-test.dir/chrono-test.cc.o
  #10 27.38 [73/75] Linking CXX executable bin/chrono-test
  #10 33.36 [74/75] Building CXX object test/CMakeFiles/printf-test.dir/printf-test.cc.o
  #10 33.46 [75/75] Linking CXX executable bin/printf-test
  #10 DONE 33.6s
  #11 [8/8] RUN cd build && ctest --output-on-failure
  #11 0.324 Test project /home/cc/EnvGym/data-gpt-4.1mini/fmtlib_fmt/build
  #11 0.326       Start  1: args-test
  #11 0.329  1/21 Test  #1: args-test ........................   Passed    0.00 sec
  #11 0.329       Start  2: base-test
  #11 0.332  2/21 Test  #2: base-test ........................   Passed    0.00 sec
  #11 0.332       Start  3: assert-test
  #11 0.334  3/21 Test  #3: assert-test ......................   Passed    0.00 sec
  #11 0.334       Start  4: chrono-test
  #11 0.364  4/21 Test  #4: chrono-test ......................   Passed    0.03 sec
  #11 0.364       Start  5: color-test
  #11 0.366  5/21 Test  #5: color-test .......................   Passed    0.00 sec
  #11 0.366       Start  6: gtest-extra-test
  #11 0.368  6/21 Test  #6: gtest-extra-test .................   Passed    0.00 sec
  #11 0.369       Start  7: format-test
  #11 0.382  7/21 Test  #7: format-test ......................   Passed    0.01 sec
  #11 0.382       Start  8: format-impl-test
  #11 0.410  8/21 Test  #8: format-impl-test .................   Passed    0.03 sec
  #11 0.410       Start  9: ostream-test
  #11 0.412  9/21 Test  #9: ostream-test .....................   Passed    0.00 sec
  #11 0.413       Start 10: compile-test
  #11 0.415 10/21 Test #10: compile-test .....................   Passed    0.00 sec
  #11 0.415       Start 11: compile-fp-test
  #11 0.416 11/21 Test #11: compile-fp-test ..................   Passed    0.00 sec
  #11 0.417       Start 12: printf-test
  #11 0.421 12/21 Test #12: printf-test ......................   Passed    0.00 sec
  #11 0.421       Start 13: ranges-test
  #11 0.423 13/21 Test #13: ranges-test ......................   Passed    0.00 sec
  #11 0.423       Start 14: no-builtin-types-test
  #11 0.425 14/21 Test #14: no-builtin-types-test ............   Passed    0.00 sec
  #11 0.425       Start 15: scan-test
  #11 0.428 15/21 Test #15: scan-test ........................   Passed    0.00 sec
  #11 0.428       Start 16: std-test
  #11 0.430 16/21 Test #16: std-test .........................   Passed    0.00 sec
  #11 0.430       Start 17: unicode-test
  #11 0.432 17/21 Test #17: unicode-test .....................   Passed    0.00 sec
  #11 0.432       Start 18: xchar-test
  #11 0.436 18/21 Test #18: xchar-test .......................   Passed    0.00 sec
  #11 0.436       Start 19: enforce-checks-test
  #11 0.438 19/21 Test #19: enforce-checks-test ..............   Passed    0.00 sec
  #11 0.438       Start 20: posix-mock-test
  #11 0.441 20/21 Test #20: posix-mock-test ..................   Passed    0.00 sec
  #11 0.441       Start 21: os-test
  #11 0.446 21/21 Test #21: os-test ..........................   Passed    0.00 sec
  #11 0.446 
  #11 0.446 100% tests passed, 0 tests failed out of 21
  #11 0.446 
  #11 0.446 Total Test time (real) =   0.12 sec
  #11 DONE 0.5s
  #12 exporting to image
  #12 exporting layers
  #12 exporting layers 19.3s done
  #12 writing image sha256:4be481fa987705cfc486f4a92bb5e0a8689ca21854133b2aa78b50f35a95fe5d done
  #12 naming to docker.io/library/envgym_test_1756327088 done
  #12 DONE 19.3s
  === Runtime Log ===  
  Runtime Status: Success
  Runtime Output:
  Runtime Error:
  === Execution End ===
DOCKERFILE:
  FROM ubuntu:22.04
  ENV DEBIAN_FRONTEND=noninteractive
  ENV TZ=Etc/UTC
  RUN apt-get update && \
      apt-get install -y --no-install-recommends \
          software-properties-common \
          wget \
          ca-certificates \
          gnupg \
          lsb-release \
          git \
          curl \
          build-essential \
          g++-11 \
          cmake \
          python3.10 \
          python3-pip \
          ninja-build \
          locales \
          bash \
          procps && \
      # Set GCC alternatives to gcc-11/g++-11
      update-alternatives --install /usr/bin/gcc gcc /usr/bin/gcc-11 100 && \
      update-alternatives --install /usr/bin/g++ g++ /usr/bin/g++-11 100 && \
      # Install Clang 18 from LLVM repo (clang-tidy v18+)
      wget -O - https://apt.llvm.org/llvm-snapshot.gpg.key | apt-key add - && \
      echo "deb http://apt.llvm.org/jammy/ llvm-toolchain-jammy-18 main" > /etc/apt/sources.list.d/llvm-18.list && \
      apt-get update && \
      apt-get install -y clang-18 clang-tidy-18 && \
      # Install Bazel
      curl -fsSL https://bazel.build/bazel-release.pub.gpg | gpg --dearmor > /usr/share/keyrings/bazel-archive-keyring.gpg && \
      echo "deb [signed-by=/usr/share/keyrings/bazel-archive-keyring.gpg] https://storage.googleapis.com/bazel-apt stable jdk1.8" > /etc/apt/sources.list.d/bazel.list && \
      apt-get update && \
      apt-get install -y bazel && \
      # Clean up apt caches to reduce image size
      apt-get clean && rm -rf /var/lib/apt/lists/*
  RUN python3 -m pip install --upgrade pip setuptools wheel && \
      pip3 install mkdocs mkdocs-material mkdocstrings pymdown-extensions mike
  # Set locale for unicode support
  RUN locale-gen en_US.UTF-8 && update-locale LANG=en_US.UTF-8
  ENV LANG=en_US.UTF-8
  ENV LC_ALL=en_US.UTF-8
  WORKDIR /home/cc/EnvGym/data-gpt-4.1mini/fmtlib_fmt
  # Clone fmt repository with submodules
  RUN git clone --recursive https://github.com/fmtlib/fmt.git . && \
      # Copy support/bazel files to root if exist (optional)
      if [ -d support/bazel ]; then \
        cp support/bazel/BUILD.bazel . 2>/dev/null || true; \
        cp support/bazel/MODULE.bazel . 2>/dev/null || true; \
        cp support/bazel/WORKSPACE.bazel . 2>/dev/null || true; \
        cp support/bazel/.bazelversion . 2>/dev/null || true; \
      fi
  # Configure and build fmt library with CMake
  RUN mkdir -p build && cd build && \
      cmake .. -DFMT_HEADER_ONLY=ON -G Ninja && \
      ninja -j$(nproc)
  # Run tests to verify build success
  RUN cd build && ctest --output-on-failure
  ENV CC=gcc
  ENV CXX=g++
  ENV PATH="/root/.local/bin:${PATH}"
  CMD ["/bin/bash"]
--- End of Iteration 1 ---

